#
# There is insufficient memory for the Java Runtime Environment to continue.
# Native memory allocation (mmap) failed to map 188743680 bytes. Error detail: G1 virtual space
# Possible reasons:
#   The system is out of physical RAM or swap space
#   This process is running with CompressedOops enabled, and the Java Heap may be blocking the growth of the native heap
# Possible solutions:
#   Reduce memory load on the system
#   Increase physical memory or swap space
#   Check if swap backing store is full
#   Decrease Java heap size (-Xmx/-Xms)
#   Decrease number of Java threads
#   Decrease Java thread stack sizes (-Xss)
#   Set larger code cache with -XX:ReservedCodeCacheSize=
#   JVM is running with Unscaled Compressed Oops mode in which the Java heap is
#     placed in the first 4GB address space. The Java Heap base address is the
#     maximum limit for the native heap growth. Please use -XX:HeapBaseMinAddress
#     to set the Java Heap base and to place the Java Heap above 4GB virtual address.
# This output file may be truncated or incomplete.
#
#  Out of Memory Error (os_windows.cpp:3618), pid=35752, tid=20624
#
# JRE version: OpenJDK Runtime Environment Temurin-17.0.17+10 (17.0.17+10) (build 17.0.17+10)
# Java VM: OpenJDK 64-Bit Server VM Temurin-17.0.17+10 (17.0.17+10, mixed mode, sharing, tiered, compressed oops, compressed class ptrs, g1 gc, windows-amd64)
# No core dump will be written. Minidumps are not enabled by default on client versions of Windows
#

---------------  S U M M A R Y ------------

Command Line: --add-opens=java.base/java.lang=ALL-UNNAMED --add-opens=java.base/java.lang.invoke=ALL-UNNAMED --add-opens=java.base/java.util=ALL-UNNAMED --add-opens=java.prefs/java.util.prefs=ALL-UNNAMED --add-exports=jdk.compiler/com.sun.tools.javac.api=ALL-UNNAMED --add-exports=jdk.compiler/com.sun.tools.javac.util=ALL-UNNAMED --add-opens=java.base/java.util=ALL-UNNAMED --add-opens=java.prefs/java.util.prefs=ALL-UNNAMED --add-opens=java.base/java.nio.charset=ALL-UNNAMED --add-opens=java.base/java.net=ALL-UNNAMED --add-opens=java.base/java.util.concurrent.atomic=ALL-UNNAMED --add-opens=java.xml/javax.xml.namespace=ALL-UNNAMED -XX:MaxMetaspaceSize=512m -XX:ReservedCodeCacheSize=256m -Xmx1536m -Dfile.encoding=UTF-8 -Duser.country=RU -Duser.language=ru -Duser.variant -javaagent:C:\Users\lenovo\.gradle\wrapper\dists\gradle-8.14-all\c2qonpi39x1mddn7hk5gh9iqj\gradle-8.14\lib\agents\gradle-instrumentation-agent-8.14.jar org.gradle.launcher.daemon.bootstrap.GradleDaemon 8.14

Host: Intel(R) Core(TM) i5-7200U CPU @ 2.50GHz, 4 cores, 3G,  Windows 10 , 64 bit Build 19041 (10.0.19041.5915)
Time: Tue Mar 24 18:10:46 2026 RTZ 2 (s 10 , 64 bit Build 19041 (10.0.19041.5915) elapsed time: 153.788759 seconds (0d 0h 2m 33s)

---------------  T H R E A D  ---------------

Current thread (0x00000277f6a440f0):  VMThread "VM Thread" [stack: 0x000000c94eb00000,0x000000c94ec00000] [id=20624]

Stack: [0x000000c94eb00000,0x000000c94ec00000]
Native frames: (J=compiled Java code, j=interpreted, Vv=VM code, C=native code)
V  [jvm.dll+0x683fb9]
V  [jvm.dll+0x83a1b5]
V  [jvm.dll+0x83bc2e]
V  [jvm.dll+0x83c2b3]
V  [jvm.dll+0x248eff]
V  [jvm.dll+0x680d79]
V  [jvm.dll+0x675b7a]
V  [jvm.dll+0x3091a7]
V  [jvm.dll+0x310776]
V  [jvm.dll+0x360bbe]
V  [jvm.dll+0x360dfd]
V  [jvm.dll+0x2e022c]
V  [jvm.dll+0x2de602]
V  [jvm.dll+0x2ddd9c]
V  [jvm.dll+0x320a3b]
V  [jvm.dll+0x840acd]
V  [jvm.dll+0x841803]
V  [jvm.dll+0x841d2f]
V  [jvm.dll+0x842115]
V  [jvm.dll+0x8421de]
V  [jvm.dll+0x7ea44c]
V  [jvm.dll+0x682e87]
C  [ucrtbase.dll+0x21bb2]
C  [KERNEL32.DLL+0x17374]
C  [ntdll.dll+0x4cc91]

VM_Operation (0x000000c9502efe30): G1CollectForAllocation, mode: safepoint, requested by thread 0x00000277f6c75e80


---------------  P R O C E S S  ---------------

Threads class SMR info:
_java_thread_list=0x00000277b306c5c0, length=39, elements={
0x00000277e9164fb0, 0x00000277f6a4d530, 0x00000277f6a4e2c0, 0x00000277f6a62a60,
0x00000277f6a65340, 0x00000277f6a65c10, 0x00000277f6a664e0, 0x00000277f6a690f0,
0x00000277f6a69ab0, 0x00000277f6ada9f0, 0x00000277f6c1a050, 0x00000277f6da1860,
0x00000277fc0a7b00, 0x00000277fbc0ae90, 0x00000277fb857a80, 0x00000277fb21ee80,
0x00000277fb21f360, 0x00000277f6c76db0, 0x00000277f6c75e80, 0x00000277f6c768a0,
0x00000277f6c75460, 0x00000277f6c78700, 0x00000277f6c777d0, 0x00000277f6c77ce0,
0x00000277f6c75970, 0x00000277f6c772c0, 0x00000277f6c781f0, 0x00000277f6c76390,
0x00000277fd6db770, 0x00000277fd6da330, 0x00000277fd6dd5d0, 0x00000277fd6de500,
0x00000277fd6dea10, 0x00000277fd6d7ab0, 0x00000277ff4ac1c0, 0x00000277ff4aad80,
0x00000277ff4ab290, 0x00000277ff4acbe0, 0x00000277ff4abcb0
}

Java Threads: ( => current thread )
  0x00000277e9164fb0 JavaThread "main" [_thread_blocked, id=36980, stack(0x000000c94e500000,0x000000c94e600000)]
  0x00000277f6a4d530 JavaThread "Reference Handler" daemon [_thread_blocked, id=38160, stack(0x000000c94ec00000,0x000000c94ed00000)]
  0x00000277f6a4e2c0 JavaThread "Finalizer" daemon [_thread_blocked, id=37704, stack(0x000000c94ed00000,0x000000c94ee00000)]
  0x00000277f6a62a60 JavaThread "Signal Dispatcher" daemon [_thread_blocked, id=36424, stack(0x000000c94ee00000,0x000000c94ef00000)]
  0x00000277f6a65340 JavaThread "Attach Listener" daemon [_thread_blocked, id=37452, stack(0x000000c94ef00000,0x000000c94f000000)]
  0x00000277f6a65c10 JavaThread "Service Thread" daemon [_thread_blocked, id=37428, stack(0x000000c94f000000,0x000000c94f100000)]
  0x00000277f6a664e0 JavaThread "Monitor Deflation Thread" daemon [_thread_blocked, id=10348, stack(0x000000c94f100000,0x000000c94f200000)]
  0x00000277f6a690f0 JavaThread "C2 CompilerThread0" daemon [_thread_in_native, id=37908, stack(0x000000c94f200000,0x000000c94f300000)]
  0x00000277f6a69ab0 JavaThread "C1 CompilerThread0" daemon [_thread_blocked, id=37308, stack(0x000000c94f300000,0x000000c94f400000)]
  0x00000277f6ada9f0 JavaThread "Sweeper thread" daemon [_thread_blocked, id=36744, stack(0x000000c94f400000,0x000000c94f500000)]
  0x00000277f6c1a050 JavaThread "Common-Cleaner" daemon [_thread_blocked, id=37292, stack(0x000000c94f500000,0x000000c94f600000)]
  0x00000277f6da1860 JavaThread "Notification Thread" daemon [_thread_blocked, id=38584, stack(0x000000c94f600000,0x000000c94f700000)]
  0x00000277fc0a7b00 JavaThread "Daemon health stats" [_thread_blocked, id=38716, stack(0x000000c94fc00000,0x000000c94fd00000)]
  0x00000277fbc0ae90 JavaThread "Incoming local TCP Connector on port 54654" [_thread_in_native, id=35756, stack(0x000000c94fd00000,0x000000c94fe00000)]
  0x00000277fb857a80 JavaThread "Daemon periodic checks" [_thread_blocked, id=33028, stack(0x000000c94fe00000,0x000000c94ff00000)]
  0x00000277fb21ee80 JavaThread "Daemon" [_thread_blocked, id=35676, stack(0x000000c94ff00000,0x000000c950000000)]
  0x00000277fb21f360 JavaThread "Handler for socket connection from /127.0.0.1:54654 to /127.0.0.1:54655" [_thread_in_native, id=38896, stack(0x000000c950000000,0x000000c950100000)]
  0x00000277f6c76db0 JavaThread "Cancel handler" [_thread_blocked, id=38432, stack(0x000000c950100000,0x000000c950200000)]
  0x00000277f6c75e80 JavaThread "Daemon worker" [_thread_blocked, id=22624, stack(0x000000c950200000,0x000000c950300000)]
  0x00000277f6c768a0 JavaThread "Asynchronous log dispatcher for DefaultDaemonConnection: socket connection from /127.0.0.1:54654 to /127.0.0.1:54655" [_thread_blocked, id=24048, stack(0x000000c950300000,0x000000c950400000)]
  0x00000277f6c75460 JavaThread "Stdin handler" [_thread_blocked, id=35724, stack(0x000000c950400000,0x000000c950500000)]
  0x00000277f6c78700 JavaThread "Daemon client event forwarder" [_thread_blocked, id=38820, stack(0x000000c950500000,0x000000c950600000)]
  0x00000277f6c777d0 JavaThread "Cache worker for journal cache (C:\Users\lenovo\.gradle\caches\journal-1)" [_thread_blocked, id=38696, stack(0x000000c950600000,0x000000c950700000)]
  0x00000277f6c77ce0 JavaThread "File lock request listener" [_thread_in_native, id=36104, stack(0x000000c950700000,0x000000c950800000)]
  0x00000277f6c75970 JavaThread "Cache worker for file hash cache (C:\Users\lenovo\.gradle\caches\8.14\fileHashes)" [_thread_blocked, id=38572, stack(0x000000c950800000,0x000000c950900000)]
  0x00000277f6c772c0 JavaThread "Cache worker for file hash cache (C:\secure_corp_chat\flutter_app\android\.gradle\8.14\fileHashes)" [_thread_blocked, id=37284, stack(0x000000c950900000,0x000000c950a00000)]
  0x00000277f6c781f0 JavaThread "Cache worker for Build Output Cleanup Cache (C:\secure_corp_chat\flutter_app\android\.gradle\buildOutputCleanup)" [_thread_blocked, id=36908, stack(0x000000c950a00000,0x000000c950b00000)]
  0x00000277f6c76390 JavaThread "File watcher server" daemon [_thread_in_native, id=28848, stack(0x000000c950b00000,0x000000c950c00000)]
  0x00000277fd6db770 JavaThread "File watcher consumer" daemon [_thread_blocked, id=38388, stack(0x000000c950c00000,0x000000c950d00000)]
  0x00000277fd6da330 JavaThread "Cache worker for checksums cache (C:\secure_corp_chat\flutter_app\android\.gradle\8.14\checksums)" [_thread_blocked, id=37816, stack(0x000000c94e200000,0x000000c94e300000)]
  0x00000277fd6dd5d0 JavaThread "Cache worker for file content cache (C:\Users\lenovo\.gradle\caches\8.14\fileContent)" [_thread_blocked, id=37424, stack(0x000000c94e300000,0x000000c94e400000)]
  0x00000277fd6de500 JavaThread "Cache worker for cache directory md-supplier (C:\Users\lenovo\.gradle\caches\8.14\md-supplier)" [_thread_blocked, id=30800, stack(0x000000c94e400000,0x000000c94e500000)]
  0x00000277fd6dea10 JavaThread "Cache worker for cache directory md-rule (C:\Users\lenovo\.gradle\caches\8.14\md-rule)" [_thread_blocked, id=36484, stack(0x000000c951100000,0x000000c951200000)]
  0x00000277fd6d7ab0 JavaThread "Cache worker for Build Output Cleanup Cache (C:\flutter\packages\flutter_tools\gradle\.gradle\buildOutputCleanup)" [_thread_blocked, id=35704, stack(0x000000c951200000,0x000000c951300000)]
  0x00000277ff4ac1c0 JavaThread "Unconstrained build operations" [_thread_blocked, id=34504, stack(0x000000c951300000,0x000000c951400000)]
  0x00000277ff4aad80 JavaThread "Unconstrained build operations Thread 2" [_thread_blocked, id=37192, stack(0x000000c951400000,0x000000c951500000)]
  0x00000277ff4ab290 JavaThread "Unconstrained build operations Thread 3" [_thread_blocked, id=36212, stack(0x000000c951500000,0x000000c951600000)]
  0x00000277ff4acbe0 JavaThread "Memory manager" [_thread_blocked, id=37132, stack(0x000000c951600000,0x000000c951700000)]
  0x00000277ff4abcb0 JavaThread "build event listener" [_thread_blocked, id=38600, stack(0x000000c951700000,0x000000c951800000)]

Other Threads:
=>0x00000277f6a440f0 VMThread "VM Thread" [stack: 0x000000c94eb00000,0x000000c94ec00000] [id=20624]
  0x00000277e9166e90 WatcherThread [stack: 0x000000c94f700000,0x000000c94f800000] [id=38700]
  0x00000277e91b1f40 GCTaskThread "GC Thread#0" [stack: 0x000000c94e600000,0x000000c94e700000] [id=38428]
  0x00000277f6d346f0 GCTaskThread "GC Thread#1" [stack: 0x000000c94f800000,0x000000c94f900000] [id=27124]
  0x00000277f6f7b980 GCTaskThread "GC Thread#2" [stack: 0x000000c94f900000,0x000000c94fa00000] [id=36700]
  0x00000277fb254f10 GCTaskThread "GC Thread#3" [stack: 0x000000c94fa00000,0x000000c94fb00000] [id=38756]
  0x00000277e91beda0 ConcurrentGCThread "G1 Main Marker" [stack: 0x000000c94e700000,0x000000c94e800000] [id=38704]
  0x00000277e91c06e0 ConcurrentGCThread "G1 Conc#0" [stack: 0x000000c94e800000,0x000000c94e900000] [id=38528]
  0x00000277e91fd8d0 ConcurrentGCThread "G1 Refine#0" [stack: 0x000000c94e900000,0x000000c94ea00000] [id=2320]
  0x00000277fb8e09f0 ConcurrentGCThread "G1 Refine#1" [stack: 0x000000c94fb00000,0x000000c94fc00000] [id=38800]
  0x00000277fe3a0500 ConcurrentGCThread "G1 Refine#2" [stack: 0x000000c950e00000,0x000000c950f00000] [id=38768]
  0x00000277fe39ff20 ConcurrentGCThread "G1 Refine#3" [stack: 0x000000c950f00000,0x000000c951000000] [id=35584]
  0x00000277e91fe210 ConcurrentGCThread "G1 Service" [stack: 0x000000c94ea00000,0x000000c94eb00000] [id=37804]

Threads with active compile tasks:
C2 CompilerThread0  153957 13557       4       org.jetbrains.org.objectweb.asm.ClassReader::accept (1380 bytes)

VM state: at safepoint (normal execution)

VM Mutex/Monitor currently owned by a thread:  ([mutex/lock_event])
[0x00000277e9160fb0] Threads_lock - owner thread: 0x00000277f6a440f0
[0x00000277e9161dc0] Heap_lock - owner thread: 0x00000277f6c75e80

Heap address: 0x00000000a0000000, size: 1536 MB, Compressed Oops mode: 32-bit

CDS archive(s) mapped at: [0x0000027790000000-0x0000027790bb0000-0x0000027790bb0000), size 12255232, SharedBaseAddress: 0x0000027790000000, ArchiveRelocationMode: 1.
Compressed class space mapped at: 0x0000027791000000-0x00000277ab000000, reserved size: 436207616
Narrow klass base: 0x0000027790000000, Narrow klass shift: 0, Narrow klass range: 0x100000000

GC Precious Log:
 CPUs: 4 total, 4 available
 Memory: 4005M
 Large Page Support: Disabled
 NUMA Support: Disabled
 Compressed Oops: Enabled (32-bit)
 Heap Region Size: 1M
 Heap Min Capacity: 8M
 Heap Initial Capacity: 64M
 Heap Max Capacity: 1536M
 Pre-touch: Disabled
 Parallel Workers: 4
 Concurrent Workers: 1
 Concurrent Refinement Workers: 4
 Periodic GC: Disabled

Heap:
 garbage-first heap   total 186368K, used 124395K [0x00000000a0000000, 0x0000000100000000)
  region size 1024K, 4 young (4096K), 4 survivors (4096K)
 Metaspace       used 122590K, committed 123392K, reserved 557056K
  class space    used 15876K, committed 16256K, reserved 425984K

Heap Regions: E=young(eden), S=young(survivor), O=old, HS=humongous(starts), HC=humongous(continues), CS=collection set, F=free, OA=open archive, CA=closed archive, TAMS=top-at-mark-start (previous, next)
|   0|0x00000000a0000000, 0x00000000a0100000, 0x00000000a0100000|100%|HS|  |TAMS 0x00000000a0100000, 0x00000000a0000000| Complete 
|   1|0x00000000a0100000, 0x00000000a0200000, 0x00000000a0200000|100%|HC|  |TAMS 0x00000000a0200000, 0x00000000a0100000| Complete 
|   2|0x00000000a0200000, 0x00000000a0300000, 0x00000000a0300000|100%|HC|  |TAMS 0x00000000a0300000, 0x00000000a0200000| Complete 
|   3|0x00000000a0300000, 0x00000000a0400000, 0x00000000a0400000|100%| O|  |TAMS 0x00000000a0400000, 0x00000000a0300000| Untracked 
|   4|0x00000000a0400000, 0x00000000a0500000, 0x00000000a0500000|100%| O|  |TAMS 0x00000000a0500000, 0x00000000a0400000| Untracked 
|   5|0x00000000a0500000, 0x00000000a0600000, 0x00000000a0600000|100%| O|  |TAMS 0x00000000a0600000, 0x00000000a0500000| Untracked 
|   6|0x00000000a0600000, 0x00000000a0700000, 0x00000000a0700000|100%| O|  |TAMS 0x00000000a0700000, 0x00000000a0600000| Untracked 
|   7|0x00000000a0700000, 0x00000000a0800000, 0x00000000a0800000|100%| O|  |TAMS 0x00000000a0800000, 0x00000000a0700000| Untracked 
|   8|0x00000000a0800000, 0x00000000a0900000, 0x00000000a0900000|100%| O|  |TAMS 0x00000000a0900000, 0x00000000a0800000| Untracked 
|   9|0x00000000a0900000, 0x00000000a0a00000, 0x00000000a0a00000|100%| O|  |TAMS 0x00000000a0a00000, 0x00000000a0900000| Untracked 
|  10|0x00000000a0a00000, 0x00000000a0b00000, 0x00000000a0b00000|100%|HS|  |TAMS 0x00000000a0b00000, 0x00000000a0a00000| Complete 
|  11|0x00000000a0b00000, 0x00000000a0c00000, 0x00000000a0c00000|100%| O|  |TAMS 0x00000000a0c00000, 0x00000000a0b00000| Untracked 
|  12|0x00000000a0c00000, 0x00000000a0d00000, 0x00000000a0d00000|100%| O|  |TAMS 0x00000000a0d00000, 0x00000000a0c00000| Untracked 
|  13|0x00000000a0d00000, 0x00000000a0e00000, 0x00000000a0e00000|100%| O|  |TAMS 0x00000000a0e00000, 0x00000000a0d00000| Untracked 
|  14|0x00000000a0e00000, 0x00000000a0f00000, 0x00000000a0f00000|100%| O|  |TAMS 0x00000000a0f00000, 0x00000000a0e00000| Untracked 
|  15|0x00000000a0f00000, 0x00000000a1000000, 0x00000000a1000000|100%| O|  |TAMS 0x00000000a1000000, 0x00000000a0f00000| Untracked 
|  16|0x00000000a1000000, 0x00000000a1100000, 0x00000000a1100000|100%| O|  |TAMS 0x00000000a1100000, 0x00000000a1000000| Untracked 
|  17|0x00000000a1100000, 0x00000000a1200000, 0x00000000a1200000|100%| O|  |TAMS 0x00000000a1200000, 0x00000000a1100000| Untracked 
|  18|0x00000000a1200000, 0x00000000a1300000, 0x00000000a1300000|100%| O|  |TAMS 0x00000000a1300000, 0x00000000a1200000| Untracked 
|  19|0x00000000a1300000, 0x00000000a1400000, 0x00000000a1400000|100%| O|  |TAMS 0x00000000a1400000, 0x00000000a1300000| Untracked 
|  20|0x00000000a1400000, 0x00000000a1500000, 0x00000000a1500000|100%| O|  |TAMS 0x00000000a1500000, 0x00000000a1400000| Untracked 
|  21|0x00000000a1500000, 0x00000000a1600000, 0x00000000a1600000|100%| O|  |TAMS 0x00000000a1600000, 0x00000000a1500000| Untracked 
|  22|0x00000000a1600000, 0x00000000a1700000, 0x00000000a1700000|100%| O|  |TAMS 0x00000000a1700000, 0x00000000a1600000| Untracked 
|  23|0x00000000a1700000, 0x00000000a1800000, 0x00000000a1800000|100%| O|  |TAMS 0x00000000a1800000, 0x00000000a1700000| Untracked 
|  24|0x00000000a1800000, 0x00000000a1900000, 0x00000000a1900000|100%| O|  |TAMS 0x00000000a1900000, 0x00000000a1800000| Untracked 
|  25|0x00000000a1900000, 0x00000000a1a00000, 0x00000000a1a00000|100%| O|  |TAMS 0x00000000a1a00000, 0x00000000a1900000| Untracked 
|  26|0x00000000a1a00000, 0x00000000a1b00000, 0x00000000a1b00000|100%| O|  |TAMS 0x00000000a1b00000, 0x00000000a1a00000| Untracked 
|  27|0x00000000a1b00000, 0x00000000a1c00000, 0x00000000a1c00000|100%| O|  |TAMS 0x00000000a1c00000, 0x00000000a1b00000| Untracked 
|  28|0x00000000a1c00000, 0x00000000a1d00000, 0x00000000a1d00000|100%| O|  |TAMS 0x00000000a1d00000, 0x00000000a1c00000| Untracked 
|  29|0x00000000a1d00000, 0x00000000a1e00000, 0x00000000a1e00000|100%| O|  |TAMS 0x00000000a1e00000, 0x00000000a1d00000| Untracked 
|  30|0x00000000a1e00000, 0x00000000a1f00000, 0x00000000a1f00000|100%| O|  |TAMS 0x00000000a1f00000, 0x00000000a1e00000| Untracked 
|  31|0x00000000a1f00000, 0x00000000a2000000, 0x00000000a2000000|100%| O|  |TAMS 0x00000000a2000000, 0x00000000a1f00000| Untracked 
|  32|0x00000000a2000000, 0x00000000a2100000, 0x00000000a2100000|100%| O|  |TAMS 0x00000000a2100000, 0x00000000a2000000| Untracked 
|  33|0x00000000a2100000, 0x00000000a2200000, 0x00000000a2200000|100%|HS|  |TAMS 0x00000000a2200000, 0x00000000a2100000| Complete 
|  34|0x00000000a2200000, 0x00000000a2300000, 0x00000000a2300000|100%|HC|  |TAMS 0x00000000a2300000, 0x00000000a2200000| Complete 
|  35|0x00000000a2300000, 0x00000000a2400000, 0x00000000a2400000|100%|HC|  |TAMS 0x00000000a2400000, 0x00000000a2300000| Complete 
|  36|0x00000000a2400000, 0x00000000a2500000, 0x00000000a2500000|100%|HC|  |TAMS 0x00000000a2500000, 0x00000000a2400000| Complete 
|  37|0x00000000a2500000, 0x00000000a2600000, 0x00000000a2600000|100%|HC|  |TAMS 0x00000000a2600000, 0x00000000a2500000| Complete 
|  38|0x00000000a2600000, 0x00000000a2700000, 0x00000000a2700000|100%|HC|  |TAMS 0x00000000a2700000, 0x00000000a2600000| Complete 
|  39|0x00000000a2700000, 0x00000000a2800000, 0x00000000a2800000|100%| O|  |TAMS 0x00000000a2800000, 0x00000000a2700000| Untracked 
|  40|0x00000000a2800000, 0x00000000a2900000, 0x00000000a2900000|100%| O|  |TAMS 0x00000000a2900000, 0x00000000a2800000| Untracked 
|  41|0x00000000a2900000, 0x00000000a2a00000, 0x00000000a2a00000|100%| O|  |TAMS 0x00000000a2a00000, 0x00000000a2900000| Untracked 
|  42|0x00000000a2a00000, 0x00000000a2b00000, 0x00000000a2b00000|100%| O|  |TAMS 0x00000000a2b00000, 0x00000000a2a00000| Untracked 
|  43|0x00000000a2b00000, 0x00000000a2c00000, 0x00000000a2c00000|100%|HS|  |TAMS 0x00000000a2c00000, 0x00000000a2b00000| Complete 
|  44|0x00000000a2c00000, 0x00000000a2d00000, 0x00000000a2d00000|100%| O|  |TAMS 0x00000000a2d00000, 0x00000000a2c00000| Untracked 
|  45|0x00000000a2d00000, 0x00000000a2e00000, 0x00000000a2e00000|100%| O|  |TAMS 0x00000000a2d00000, 0x00000000a2d00000| Untracked 
|  46|0x00000000a2e00000, 0x00000000a2f00000, 0x00000000a2f00000|100%| O|  |TAMS 0x00000000a2f00000, 0x00000000a2e00000| Untracked 
|  47|0x00000000a2f00000, 0x00000000a3000000, 0x00000000a3000000|100%| O|  |TAMS 0x00000000a3000000, 0x00000000a2f00000| Untracked 
|  48|0x00000000a3000000, 0x00000000a3100000, 0x00000000a3100000|100%| O|  |TAMS 0x00000000a3100000, 0x00000000a3000000| Untracked 
|  49|0x00000000a3100000, 0x00000000a3200000, 0x00000000a3200000|100%| O|  |TAMS 0x00000000a3200000, 0x00000000a3100000| Untracked 
|  50|0x00000000a3200000, 0x00000000a3300000, 0x00000000a3300000|100%| O|  |TAMS 0x00000000a3200000, 0x00000000a3200000| Untracked 
|  51|0x00000000a3300000, 0x00000000a3400000, 0x00000000a3400000|100%| O|  |TAMS 0x00000000a3400000, 0x00000000a3300000| Untracked 
|  52|0x00000000a3400000, 0x00000000a3500000, 0x00000000a3500000|100%| O|  |TAMS 0x00000000a3500000, 0x00000000a3400000| Untracked 
|  53|0x00000000a3500000, 0x00000000a3600000, 0x00000000a3600000|100%| O|  |TAMS 0x00000000a3600000, 0x00000000a3500000| Untracked 
|  54|0x00000000a3600000, 0x00000000a3700000, 0x00000000a3700000|100%| O|  |TAMS 0x00000000a3700000, 0x00000000a3600000| Untracked 
|  55|0x00000000a3700000, 0x00000000a3800000, 0x00000000a3800000|100%| O|  |TAMS 0x00000000a3800000, 0x00000000a3700000| Untracked 
|  56|0x00000000a3800000, 0x00000000a3900000, 0x00000000a3900000|100%| O|  |TAMS 0x00000000a3900000, 0x00000000a3800000| Untracked 
|  57|0x00000000a3900000, 0x00000000a3a00000, 0x00000000a3a00000|100%| O|  |TAMS 0x00000000a3a00000, 0x00000000a3900000| Untracked 
|  58|0x00000000a3a00000, 0x00000000a3b00000, 0x00000000a3b00000|100%| O|  |TAMS 0x00000000a3b00000, 0x00000000a3a00000| Untracked 
|  59|0x00000000a3b00000, 0x00000000a3c00000, 0x00000000a3c00000|100%| O|  |TAMS 0x00000000a3c00000, 0x00000000a3b00000| Untracked 
|  60|0x00000000a3c00000, 0x00000000a3d00000, 0x00000000a3d00000|100%| O|  |TAMS 0x00000000a3c00000, 0x00000000a3c00000| Untracked 
|  61|0x00000000a3d00000, 0x00000000a3e00000, 0x00000000a3e00000|100%| O|  |TAMS 0x00000000a3e00000, 0x00000000a3d00000| Untracked 
|  62|0x00000000a3e00000, 0x00000000a3f00000, 0x00000000a3f00000|100%|HS|  |TAMS 0x00000000a3e00000, 0x00000000a3e00000| Complete 
|  63|0x00000000a3f00000, 0x00000000a4000000, 0x00000000a4000000|100%|HC|  |TAMS 0x00000000a3f00000, 0x00000000a3f00000| Complete 
|  64|0x00000000a4000000, 0x00000000a4100000, 0x00000000a4100000|100%|HS|  |TAMS 0x00000000a4000000, 0x00000000a4000000| Complete 
|  65|0x00000000a4100000, 0x00000000a4200000, 0x00000000a4200000|100%|HC|  |TAMS 0x00000000a4100000, 0x00000000a4100000| Complete 
|  66|0x00000000a4200000, 0x00000000a4300000, 0x00000000a4300000|100%| O|  |TAMS 0x00000000a4200000, 0x00000000a4200000| Untracked 
|  67|0x00000000a4300000, 0x00000000a4400000, 0x00000000a4400000|100%| O|  |TAMS 0x00000000a4400000, 0x00000000a4300000| Untracked 
|  68|0x00000000a4400000, 0x00000000a4500000, 0x00000000a4500000|100%| O|  |TAMS 0x00000000a4400000, 0x00000000a4400000| Untracked 
|  69|0x00000000a4500000, 0x00000000a4600000, 0x00000000a4600000|100%| O|  |TAMS 0x00000000a4500000, 0x00000000a4500000| Untracked 
|  70|0x00000000a4600000, 0x00000000a4700000, 0x00000000a4700000|100%| O|  |TAMS 0x00000000a4700000, 0x00000000a4600000| Untracked 
|  71|0x00000000a4700000, 0x00000000a4800000, 0x00000000a4800000|100%| O|  |TAMS 0x00000000a4700000, 0x00000000a4700000| Untracked 
|  72|0x00000000a4800000, 0x00000000a4900000, 0x00000000a4900000|100%| O|  |TAMS 0x00000000a4900000, 0x00000000a4800000| Untracked 
|  73|0x00000000a4900000, 0x00000000a4a00000, 0x00000000a4a00000|100%| O|  |TAMS 0x00000000a4a00000, 0x00000000a4900000| Untracked 
|  74|0x00000000a4a00000, 0x00000000a4b00000, 0x00000000a4b00000|100%| O|  |TAMS 0x00000000a4b00000, 0x00000000a4a00000| Untracked 
|  75|0x00000000a4b00000, 0x00000000a4c00000, 0x00000000a4c00000|100%| O|  |TAMS 0x00000000a4c00000, 0x00000000a4b00000| Untracked 
|  76|0x00000000a4c00000, 0x00000000a4d00000, 0x00000000a4d00000|100%| O|  |TAMS 0x00000000a4d00000, 0x00000000a4c00000| Untracked 
|  77|0x00000000a4d00000, 0x00000000a4e00000, 0x00000000a4e00000|100%| O|  |TAMS 0x00000000a4e00000, 0x00000000a4d00000| Untracked 
|  78|0x00000000a4e00000, 0x00000000a4f00000, 0x00000000a4f00000|100%| O|  |TAMS 0x00000000a4f00000, 0x00000000a4e00000| Untracked 
|  79|0x00000000a4f00000, 0x00000000a5000000, 0x00000000a5000000|100%| O|  |TAMS 0x00000000a5000000, 0x00000000a4f00000| Untracked 
|  80|0x00000000a5000000, 0x00000000a5100000, 0x00000000a5100000|100%| O|  |TAMS 0x00000000a5100000, 0x00000000a5000000| Untracked 
|  81|0x00000000a5100000, 0x00000000a5200000, 0x00000000a5200000|100%| O|  |TAMS 0x00000000a5100000, 0x00000000a5100000| Untracked 
|  82|0x00000000a5200000, 0x00000000a5300000, 0x00000000a5300000|100%| O|  |TAMS 0x00000000a5200000, 0x00000000a5200000| Untracked 
|  83|0x00000000a5300000, 0x00000000a5400000, 0x00000000a5400000|100%| O|  |TAMS 0x00000000a5400000, 0x00000000a5300000| Untracked 
|  84|0x00000000a5400000, 0x00000000a5500000, 0x00000000a5500000|100%|HS|  |TAMS 0x00000000a5400000, 0x00000000a5400000| Complete 
|  85|0x00000000a5500000, 0x00000000a5600000, 0x00000000a5600000|100%|HC|  |TAMS 0x00000000a5500000, 0x00000000a5500000| Complete 
|  86|0x00000000a5600000, 0x00000000a5700000, 0x00000000a5700000|100%|HC|  |TAMS 0x00000000a5600000, 0x00000000a5600000| Complete 
|  87|0x00000000a5700000, 0x00000000a5800000, 0x00000000a5800000|100%|HS|  |TAMS 0x00000000a5700000, 0x00000000a5700000| Complete 
|  88|0x00000000a5800000, 0x00000000a5900000, 0x00000000a5900000|100%|HC|  |TAMS 0x00000000a5800000, 0x00000000a5800000| Complete 
|  89|0x00000000a5900000, 0x00000000a5a00000, 0x00000000a5a00000|100%|HC|  |TAMS 0x00000000a5900000, 0x00000000a5900000| Complete 
|  90|0x00000000a5a00000, 0x00000000a5b00000, 0x00000000a5b00000|100%| O|  |TAMS 0x00000000a5a00000, 0x00000000a5a00000| Untracked 
|  91|0x00000000a5b00000, 0x00000000a5c00000, 0x00000000a5c00000|100%| O|  |TAMS 0x00000000a5c00000, 0x00000000a5b00000| Untracked 
|  92|0x00000000a5c00000, 0x00000000a5d00000, 0x00000000a5d00000|100%| O|  |TAMS 0x00000000a5d00000, 0x00000000a5c00000| Untracked 
|  93|0x00000000a5d00000, 0x00000000a5e00000, 0x00000000a5e00000|100%| O|  |TAMS 0x00000000a5e00000, 0x00000000a5d00000| Untracked 
|  94|0x00000000a5e00000, 0x00000000a5f00000, 0x00000000a5f00000|100%| O|  |TAMS 0x00000000a5f00000, 0x00000000a5e00000| Untracked 
|  95|0x00000000a5f00000, 0x00000000a6000000, 0x00000000a6000000|100%| O|  |TAMS 0x00000000a5fe3800, 0x00000000a5f00000| Untracked 
|  96|0x00000000a6000000, 0x00000000a6100000, 0x00000000a6100000|100%| O|  |TAMS 0x00000000a6000000, 0x00000000a6000000| Untracked 
|  97|0x00000000a6100000, 0x00000000a6200000, 0x00000000a6200000|100%| O|  |TAMS 0x00000000a6100000, 0x00000000a6100000| Untracked 
|  98|0x00000000a6200000, 0x00000000a6300000, 0x00000000a6300000|100%| O|  |TAMS 0x00000000a6200000, 0x00000000a6200000| Untracked 
|  99|0x00000000a6300000, 0x00000000a6400000, 0x00000000a6400000|100%| O|  |TAMS 0x00000000a6300000, 0x00000000a6300000| Untracked 
| 100|0x00000000a6400000, 0x00000000a6500000, 0x00000000a6500000|100%| O|  |TAMS 0x00000000a6400000, 0x00000000a6400000| Untracked 
| 101|0x00000000a6500000, 0x00000000a6600000, 0x00000000a6600000|100%| O|  |TAMS 0x00000000a6500000, 0x00000000a6500000| Untracked 
| 102|0x00000000a6600000, 0x00000000a6700000, 0x00000000a6700000|100%| O|  |TAMS 0x00000000a6600000, 0x00000000a6600000| Untracked 
| 103|0x00000000a6700000, 0x00000000a6800000, 0x00000000a6800000|100%| O|  |TAMS 0x00000000a6700000, 0x00000000a6700000| Untracked 
| 104|0x00000000a6800000, 0x00000000a6900000, 0x00000000a6900000|100%| O|  |TAMS 0x00000000a6800000, 0x00000000a6800000| Untracked 
| 105|0x00000000a6900000, 0x00000000a6a00000, 0x00000000a6a00000|100%| O|  |TAMS 0x00000000a6900000, 0x00000000a6900000| Untracked 
| 106|0x00000000a6a00000, 0x00000000a6b00000, 0x00000000a6b00000|100%| O|  |TAMS 0x00000000a6a00000, 0x00000000a6a00000| Untracked 
| 107|0x00000000a6b00000, 0x00000000a6c00000, 0x00000000a6c00000|100%| O|  |TAMS 0x00000000a6b00000, 0x00000000a6b00000| Untracked 
| 108|0x00000000a6c00000, 0x00000000a6d00000, 0x00000000a6d00000|100%| O|  |TAMS 0x00000000a6c00000, 0x00000000a6c00000| Untracked 
| 109|0x00000000a6d00000, 0x00000000a6e00000, 0x00000000a6e00000|100%| O|  |TAMS 0x00000000a6d00000, 0x00000000a6d00000| Untracked 
| 110|0x00000000a6e00000, 0x00000000a6f00000, 0x00000000a6f00000|100%| O|  |TAMS 0x00000000a6e00000, 0x00000000a6e00000| Untracked 
| 111|0x00000000a6f00000, 0x00000000a7000000, 0x00000000a7000000|100%| O|  |TAMS 0x00000000a6f00000, 0x00000000a6f00000| Untracked 
| 112|0x00000000a7000000, 0x00000000a7100000, 0x00000000a7100000|100%| O|  |TAMS 0x00000000a7000000, 0x00000000a7000000| Untracked 
| 113|0x00000000a7100000, 0x00000000a7200000, 0x00000000a7200000|100%| O|  |TAMS 0x00000000a7100000, 0x00000000a7100000| Untracked 
| 114|0x00000000a7200000, 0x00000000a7300000, 0x00000000a7300000|100%| O|  |TAMS 0x00000000a7200000, 0x00000000a7200000| Untracked 
| 115|0x00000000a7300000, 0x00000000a7400000, 0x00000000a7400000|100%| O|  |TAMS 0x00000000a7300000, 0x00000000a7300000| Untracked 
| 116|0x00000000a7400000, 0x00000000a7500000, 0x00000000a7500000|100%| O|  |TAMS 0x00000000a7400000, 0x00000000a7400000| Untracked 
| 117|0x00000000a7500000, 0x00000000a758c200, 0x00000000a7600000| 54%| O|  |TAMS 0x00000000a7500000, 0x00000000a7500000| Untracked 
| 118|0x00000000a7600000, 0x00000000a7600000, 0x00000000a7700000|  0%| F|  |TAMS 0x00000000a7600000, 0x00000000a7600000| Untracked 
| 119|0x00000000a7700000, 0x00000000a7700000, 0x00000000a7800000|  0%| F|  |TAMS 0x00000000a7700000, 0x00000000a7700000| Untracked 
| 120|0x00000000a7800000, 0x00000000a7800000, 0x00000000a7900000|  0%| F|  |TAMS 0x00000000a7800000, 0x00000000a7800000| Untracked 
| 121|0x00000000a7900000, 0x00000000a7900000, 0x00000000a7a00000|  0%| F|  |TAMS 0x00000000a7900000, 0x00000000a7900000| Untracked 
| 122|0x00000000a7a00000, 0x00000000a7a00000, 0x00000000a7b00000|  0%| F|  |TAMS 0x00000000a7a00000, 0x00000000a7a00000| Untracked 
| 123|0x00000000a7b00000, 0x00000000a7b00000, 0x00000000a7c00000|  0%| F|  |TAMS 0x00000000a7b00000, 0x00000000a7b00000| Untracked 
| 124|0x00000000a7c00000, 0x00000000a7c00000, 0x00000000a7d00000|  0%| F|  |TAMS 0x00000000a7c00000, 0x00000000a7c00000| Untracked 
| 125|0x00000000a7d00000, 0x00000000a7d00000, 0x00000000a7e00000|  0%| F|  |TAMS 0x00000000a7d00000, 0x00000000a7d00000| Untracked 
| 126|0x00000000a7e00000, 0x00000000a7e00000, 0x00000000a7f00000|  0%| F|  |TAMS 0x00000000a7e00000, 0x00000000a7e00000| Untracked 
| 127|0x00000000a7f00000, 0x00000000a7f00000, 0x00000000a8000000|  0%| F|  |TAMS 0x00000000a7f00000, 0x00000000a7f00000| Untracked 
| 128|0x00000000a8000000, 0x00000000a8000000, 0x00000000a8100000|  0%| F|  |TAMS 0x00000000a8000000, 0x00000000a8000000| Untracked 
| 129|0x00000000a8100000, 0x00000000a8100000, 0x00000000a8200000|  0%| F|  |TAMS 0x00000000a8100000, 0x00000000a8100000| Untracked 
| 130|0x00000000a8200000, 0x00000000a8200000, 0x00000000a8300000|  0%| F|  |TAMS 0x00000000a8200000, 0x00000000a8200000| Untracked 
| 131|0x00000000a8300000, 0x00000000a8300000, 0x00000000a8400000|  0%| F|  |TAMS 0x00000000a8300000, 0x00000000a8300000| Untracked 
| 132|0x00000000a8400000, 0x00000000a8400000, 0x00000000a8500000|  0%| F|  |TAMS 0x00000000a8400000, 0x00000000a8400000| Untracked 
| 133|0x00000000a8500000, 0x00000000a8500000, 0x00000000a8600000|  0%| F|  |TAMS 0x00000000a8500000, 0x00000000a8500000| Untracked 
| 134|0x00000000a8600000, 0x00000000a8600000, 0x00000000a8700000|  0%| F|  |TAMS 0x00000000a8600000, 0x00000000a8600000| Untracked 
| 135|0x00000000a8700000, 0x00000000a8700000, 0x00000000a8800000|  0%| F|  |TAMS 0x00000000a8700000, 0x00000000a8700000| Untracked 
| 136|0x00000000a8800000, 0x00000000a8800000, 0x00000000a8900000|  0%| F|  |TAMS 0x00000000a8800000, 0x00000000a8800000| Untracked 
| 137|0x00000000a8900000, 0x00000000a8900000, 0x00000000a8a00000|  0%| F|  |TAMS 0x00000000a8900000, 0x00000000a8900000| Untracked 
| 138|0x00000000a8a00000, 0x00000000a8a00000, 0x00000000a8b00000|  0%| F|  |TAMS 0x00000000a8a00000, 0x00000000a8a00000| Untracked 
| 139|0x00000000a8b00000, 0x00000000a8b00000, 0x00000000a8c00000|  0%| F|  |TAMS 0x00000000a8b00000, 0x00000000a8b00000| Untracked 
| 140|0x00000000a8c00000, 0x00000000a8c00000, 0x00000000a8d00000|  0%| F|  |TAMS 0x00000000a8c00000, 0x00000000a8c00000| Untracked 
| 141|0x00000000a8d00000, 0x00000000a8d00000, 0x00000000a8e00000|  0%| F|  |TAMS 0x00000000a8d00000, 0x00000000a8d00000| Untracked 
| 142|0x00000000a8e00000, 0x00000000a8e00000, 0x00000000a8f00000|  0%| F|  |TAMS 0x00000000a8e00000, 0x00000000a8e00000| Untracked 
| 143|0x00000000a8f00000, 0x00000000a8f00000, 0x00000000a9000000|  0%| F|  |TAMS 0x00000000a8f00000, 0x00000000a8f00000| Untracked 
| 144|0x00000000a9000000, 0x00000000a9000000, 0x00000000a9100000|  0%| F|  |TAMS 0x00000000a9000000, 0x00000000a9000000| Untracked 
| 145|0x00000000a9100000, 0x00000000a9100000, 0x00000000a9200000|  0%| F|  |TAMS 0x00000000a9100000, 0x00000000a9100000| Untracked 
| 146|0x00000000a9200000, 0x00000000a92eec80, 0x00000000a9300000| 93%| S|CS|TAMS 0x00000000a9200000, 0x00000000a9200000| Complete 
| 147|0x00000000a9300000, 0x00000000a9400000, 0x00000000a9400000|100%| S|CS|TAMS 0x00000000a9300000, 0x00000000a9300000| Complete 
| 148|0x00000000a9400000, 0x00000000a9500000, 0x00000000a9500000|100%| S|CS|TAMS 0x00000000a9400000, 0x00000000a9400000| Complete 
| 149|0x00000000a9500000, 0x00000000a9600000, 0x00000000a9600000|100%| S|CS|TAMS 0x00000000a9500000, 0x00000000a9500000| Complete 
| 150|0x00000000a9600000, 0x00000000a9600000, 0x00000000a9700000|  0%| F|  |TAMS 0x00000000a9600000, 0x00000000a9600000| Untracked 
| 151|0x00000000a9700000, 0x00000000a9700000, 0x00000000a9800000|  0%| F|  |TAMS 0x00000000a9700000, 0x00000000a9700000| Untracked 
| 152|0x00000000a9800000, 0x00000000a9800000, 0x00000000a9900000|  0%| F|  |TAMS 0x00000000a9800000, 0x00000000a9800000| Untracked 
| 153|0x00000000a9900000, 0x00000000a9900000, 0x00000000a9a00000|  0%| F|  |TAMS 0x00000000a9900000, 0x00000000a9900000| Untracked 
| 154|0x00000000a9a00000, 0x00000000a9a00000, 0x00000000a9b00000|  0%| F|  |TAMS 0x00000000a9a00000, 0x00000000a9a00000| Untracked 
| 155|0x00000000a9b00000, 0x00000000a9b00000, 0x00000000a9c00000|  0%| F|  |TAMS 0x00000000a9b00000, 0x00000000a9b00000| Untracked 
| 156|0x00000000a9c00000, 0x00000000a9c00000, 0x00000000a9d00000|  0%| F|  |TAMS 0x00000000a9c00000, 0x00000000a9c00000| Untracked 
| 157|0x00000000a9d00000, 0x00000000a9d00000, 0x00000000a9e00000|  0%| F|  |TAMS 0x00000000a9d00000, 0x00000000a9d00000| Untracked 
| 158|0x00000000a9e00000, 0x00000000a9e00000, 0x00000000a9f00000|  0%| F|  |TAMS 0x00000000a9e00000, 0x00000000a9e00000| Untracked 
| 159|0x00000000a9f00000, 0x00000000a9f00000, 0x00000000aa000000|  0%| F|  |TAMS 0x00000000a9f00000, 0x00000000a9f00000| Untracked 
| 160|0x00000000aa000000, 0x00000000aa000000, 0x00000000aa100000|  0%| F|  |TAMS 0x00000000aa000000, 0x00000000aa000000| Untracked 
| 161|0x00000000aa100000, 0x00000000aa100000, 0x00000000aa200000|  0%| F|  |TAMS 0x00000000aa100000, 0x00000000aa100000| Untracked 
| 162|0x00000000aa200000, 0x00000000aa200000, 0x00000000aa300000|  0%| F|  |TAMS 0x00000000aa200000, 0x00000000aa200000| Untracked 
| 163|0x00000000aa300000, 0x00000000aa300000, 0x00000000aa400000|  0%| F|  |TAMS 0x00000000aa300000, 0x00000000aa300000| Untracked 
| 164|0x00000000aa400000, 0x00000000aa400000, 0x00000000aa500000|  0%| F|  |TAMS 0x00000000aa400000, 0x00000000aa400000| Untracked 
| 165|0x00000000aa500000, 0x00000000aa500000, 0x00000000aa600000|  0%| F|  |TAMS 0x00000000aa500000, 0x00000000aa500000| Untracked 
| 166|0x00000000aa600000, 0x00000000aa600000, 0x00000000aa700000|  0%| F|  |TAMS 0x00000000aa600000, 0x00000000aa600000| Untracked 
| 167|0x00000000aa700000, 0x00000000aa700000, 0x00000000aa800000|  0%| F|  |TAMS 0x00000000aa700000, 0x00000000aa700000| Untracked 
| 168|0x00000000aa800000, 0x00000000aa800000, 0x00000000aa900000|  0%| F|  |TAMS 0x00000000aa800000, 0x00000000aa800000| Untracked 
| 169|0x00000000aa900000, 0x00000000aa900000, 0x00000000aaa00000|  0%| F|  |TAMS 0x00000000aa900000, 0x00000000aa900000| Untracked 
| 170|0x00000000aaa00000, 0x00000000aaa00000, 0x00000000aab00000|  0%| F|  |TAMS 0x00000000aaa00000, 0x00000000aaa00000| Untracked 
| 171|0x00000000aab00000, 0x00000000aab00000, 0x00000000aac00000|  0%| F|  |TAMS 0x00000000aab00000, 0x00000000aab00000| Untracked 
| 172|0x00000000aac00000, 0x00000000aac00000, 0x00000000aad00000|  0%| F|  |TAMS 0x00000000aac00000, 0x00000000aac00000| Untracked 
| 173|0x00000000aad00000, 0x00000000aad00000, 0x00000000aae00000|  0%| F|  |TAMS 0x00000000aad00000, 0x00000000aad00000| Untracked 
| 174|0x00000000aae00000, 0x00000000aae00000, 0x00000000aaf00000|  0%| F|  |TAMS 0x00000000aae00000, 0x00000000aae00000| Untracked 
| 175|0x00000000aaf00000, 0x00000000aaf00000, 0x00000000ab000000|  0%| F|  |TAMS 0x00000000aaf00000, 0x00000000aaf00000| Untracked 
| 176|0x00000000ab000000, 0x00000000ab000000, 0x00000000ab100000|  0%| F|  |TAMS 0x00000000ab000000, 0x00000000ab000000| Untracked 
| 177|0x00000000ab100000, 0x00000000ab100000, 0x00000000ab200000|  0%| F|  |TAMS 0x00000000ab100000, 0x00000000ab100000| Untracked 
| 178|0x00000000ab200000, 0x00000000ab200000, 0x00000000ab300000|  0%| F|  |TAMS 0x00000000ab200000, 0x00000000ab200000| Untracked 
| 179|0x00000000ab300000, 0x00000000ab300000, 0x00000000ab400000|  0%| F|  |TAMS 0x00000000ab300000, 0x00000000ab300000| Untracked 
| 180|0x00000000ab400000, 0x00000000ab400000, 0x00000000ab500000|  0%| F|  |TAMS 0x00000000ab400000, 0x00000000ab400000| Untracked 
| 181|0x00000000ab500000, 0x00000000ab500000, 0x00000000ab600000|  0%| F|  |TAMS 0x00000000ab500000, 0x00000000ab500000| Untracked 

Card table byte_map: [0x00000277f0fc0000,0x00000277f12c0000] _byte_map_base: 0x00000277f0ac0000

Marking Bits (Prev, Next): (CMBitMap*) 0x00000277e91b2470, (CMBitMap*) 0x00000277e91b24b0
 Prev Bits: [0x00000277f15c0000, 0x00000277f2dc0000)
 Next Bits: [0x00000277f2dc0000, 0x00000277f45c0000)

Polling page: 0x00000277e8900000

Metaspace:

Usage:
  Non-class:    104.21 MB used.
      Class:     15.50 MB used.
       Both:    119.72 MB used.

Virtual space:
  Non-class space:      128.00 MB reserved,     104.62 MB ( 82%) committed,  2 nodes.
      Class space:      416.00 MB reserved,      15.88 MB (  4%) committed,  1 nodes.
             Both:      544.00 MB reserved,     120.50 MB ( 22%) committed. 

Chunk freelists:
   Non-Class:  6.92 MB
       Class:  176.00 KB
        Both:  7.09 MB

MaxMetaspaceSize: 512.00 MB
CompressedClassSpaceSize: 416.00 MB
Initial GC threshold: 21.00 MB
Current GC threshold: 179.94 MB
CDS: on
MetaspaceReclaimPolicy: balanced
 - commit_granule_bytes: 65536.
 - commit_granule_words: 8192.
 - virtual_space_node_default_size: 8388608.
 - enlarge_chunks_in_place: 1.
 - new_chunks_are_fully_committed: 0.
 - uncommit_free_chunks: 1.
 - use_allocation_guard: 0.
 - handle_deallocations: 1.


Internal statistics:

num_allocs_failed_limit: 3.
num_arena_births: 1048.
num_arena_deaths: 0.
num_vsnodes_births: 3.
num_vsnodes_deaths: 0.
num_space_committed: 1926.
num_space_uncommitted: 0.
num_chunks_returned_to_freelist: 3.
num_chunks_taken_from_freelist: 5690.
num_chunk_merges: 3.
num_chunk_splits: 4213.
num_chunks_enlarged: 3351.
num_inconsistent_stats: 0.

CodeHeap 'non-profiled nmethods': size=128192Kb used=7018Kb max_used=7263Kb free=121173Kb
 bounds [0x00000277882d0000, 0x00000277889f0000, 0x0000027790000000]
CodeHeap 'profiled nmethods': size=128192Kb used=24926Kb max_used=26691Kb free=103265Kb
 bounds [0x0000027780000000, 0x0000027781a20000, 0x0000027787d30000]
CodeHeap 'non-nmethods': size=5760Kb used=1863Kb max_used=1940Kb free=3896Kb
 bounds [0x0000027787d30000, 0x0000027787fa0000, 0x00000277882d0000]
 total_blobs=12560 nmethods=11575 adapters=894
 compilation: enabled
              stopped_count=0, restarted_count=0
 full_count=0

Compilation events (20 events):
Event: 153.138 Thread 0x00000277f6a69ab0 13585   !   3       sun.nio.fs.WindowsFileSystemProvider::newByteChannel (71 bytes)
Event: 153.139 Thread 0x00000277f6a69ab0 nmethod 13585 0x000002778040b710 code [0x000002778040b9a0, 0x000002778040c428]
Event: 153.149 Thread 0x00000277f6a69ab0 13586       1       org.jetbrains.kotlin.com.intellij.openapi.vfs.local.CoreLocalVirtualFile::getModificationStamp (2 bytes)
Event: 153.149 Thread 0x00000277f6a69ab0 nmethod 13586 0x00000277884a9b90 code [0x00000277884a9d20, 0x00000277884a9df8]
Event: 153.164 Thread 0x00000277f6a69ab0 13587   !   3       sun.nio.ch.FileChannelImpl$Closer::run (28 bytes)
Event: 153.165 Thread 0x00000277f6a69ab0 nmethod 13587 0x0000027781115e10 code [0x0000027781116020, 0x00000277811166c8]
Event: 153.444 Thread 0x00000277f6a69ab0 13588       3       java.nio.ByteBuffer::put (124 bytes)
Event: 153.446 Thread 0x00000277f6a69ab0 nmethod 13588 0x00000277802bcc90 code [0x00000277802bcec0, 0x00000277802bd6e8]
Event: 153.446 Thread 0x00000277f6a69ab0 13590       3       org.jetbrains.kotlin.com.intellij.openapi.vfs.local.CoreLocalVirtualFile::getChildren (96 bytes)
Event: 153.447 Thread 0x00000277f6a69ab0 nmethod 13590 0x0000027780479b10 code [0x0000027780479da0, 0x000002778047ac28]
Event: 153.448 Thread 0x00000277f6a69ab0 13589   !   3       java.nio.ByteBuffer::putBuffer (142 bytes)
Event: 153.450 Thread 0x00000277f6a69ab0 nmethod 13589 0x0000027780c69910 code [0x0000027780c69bc0, 0x0000027780c6a9d8]
Event: 153.479 Thread 0x00000277f6a69ab0 13592       3       sun.nio.ch.FileDispatcherImpl::size (5 bytes)
Event: 153.479 Thread 0x00000277f6a69ab0 nmethod 13592 0x00000277802cef90 code [0x00000277802cf140, 0x00000277802cf288]
Event: 153.481 Thread 0x00000277f6a69ab0 13593   !   3       sun.nio.ch.FileChannelImpl::size (239 bytes)
Event: 153.486 Thread 0x00000277f6a69ab0 nmethod 13593 0x00000277800c8e90 code [0x00000277800c9160, 0x00000277800ca078]
Event: 153.489 Thread 0x00000277f6a69ab0 13594       3       java.nio.HeapByteBuffer::put (12 bytes)
Event: 153.490 Thread 0x00000277f6a69ab0 nmethod 13594 0x00000277806c2a10 code [0x00000277806c2c00, 0x00000277806c3028]
Event: 153.536 Thread 0x00000277f6a69ab0 13596       1       org.jetbrains.kotlin.com.intellij.openapi.vfs.local.CoreLocalVirtualFile::isValid (2 bytes)
Event: 153.536 Thread 0x00000277f6a69ab0 nmethod 13596 0x00000277884a9890 code [0x00000277884a9a20, 0x00000277884a9af8]

GC Heap History (20 events):
Event: 100.251 GC heap after
{Heap after GC invocations=65 (full 0):
 garbage-first heap   total 186368K, used 92376K [0x00000000a0000000, 0x0000000100000000)
  region size 1024K, 8 young (8192K), 8 survivors (8192K)
 Metaspace       used 106015K, committed 106688K, reserved 557056K
  class space    used 13561K, committed 13888K, reserved 425984K
}
Event: 104.600 GC heap before
{Heap before GC invocations=66 (full 0):
 garbage-first heap   total 186368K, used 147672K [0x00000000a0000000, 0x0000000100000000)
  region size 1024K, 61 young (62464K), 8 survivors (8192K)
 Metaspace       used 106390K, committed 107008K, reserved 557056K
  class space    used 13600K, committed 13888K, reserved 425984K
}
Event: 104.656 GC heap after
{Heap after GC invocations=67 (full 0):
 garbage-first heap   total 186368K, used 97958K [0x00000000a0000000, 0x0000000100000000)
  region size 1024K, 6 young (6144K), 6 survivors (6144K)
 Metaspace       used 106390K, committed 107008K, reserved 557056K
  class space    used 13600K, committed 13888K, reserved 425984K
}
Event: 104.732 GC heap before
{Heap before GC invocations=67 (full 0):
 garbage-first heap   total 186368K, used 101030K [0x00000000a0000000, 0x0000000100000000)
  region size 1024K, 9 young (9216K), 6 survivors (6144K)
 Metaspace       used 106394K, committed 107008K, reserved 557056K
  class space    used 13600K, committed 13888K, reserved 425984K
}
Event: 104.745 GC heap after
{Heap after GC invocations=68 (full 0):
 garbage-first heap   total 186368K, used 98190K [0x00000000a0000000, 0x0000000100000000)
  region size 1024K, 1 young (1024K), 1 survivors (1024K)
 Metaspace       used 106394K, committed 107008K, reserved 557056K
  class space    used 13600K, committed 13888K, reserved 425984K
}
Event: 111.696 GC heap before
{Heap before GC invocations=68 (full 0):
 garbage-first heap   total 186368K, used 149390K [0x00000000a0000000, 0x0000000100000000)
  region size 1024K, 51 young (52224K), 1 survivors (1024K)
 Metaspace       used 109538K, committed 110208K, reserved 557056K
  class space    used 14035K, committed 14336K, reserved 425984K
}
Event: 111.811 GC heap after
{Heap after GC invocations=69 (full 0):
 garbage-first heap   total 186368K, used 102064K [0x00000000a0000000, 0x0000000100000000)
  region size 1024K, 5 young (5120K), 5 survivors (5120K)
 Metaspace       used 109538K, committed 110208K, reserved 557056K
  class space    used 14035K, committed 14336K, reserved 425984K
}
Event: 122.415 GC heap before
{Heap before GC invocations=70 (full 0):
 garbage-first heap   total 186368K, used 149168K [0x00000000a0000000, 0x0000000100000000)
  region size 1024K, 53 young (54272K), 5 survivors (5120K)
 Metaspace       used 112550K, committed 113344K, reserved 557056K
  class space    used 14479K, committed 14848K, reserved 425984K
}
Event: 122.527 GC heap after
{Heap after GC invocations=71 (full 0):
 garbage-first heap   total 186368K, used 104805K [0x00000000a0000000, 0x0000000100000000)
  region size 1024K, 4 young (4096K), 4 survivors (4096K)
 Metaspace       used 112550K, committed 113344K, reserved 557056K
  class space    used 14479K, committed 14848K, reserved 425984K
}
Event: 123.246 GC heap before
{Heap before GC invocations=71 (full 0):
 garbage-first heap   total 186368K, used 109925K [0x00000000a0000000, 0x0000000100000000)
  region size 1024K, 9 young (9216K), 4 survivors (4096K)
 Metaspace       used 113010K, committed 113792K, reserved 557056K
  class space    used 14560K, committed 14912K, reserved 425984K
}
Event: 123.413 GC heap after
{Heap after GC invocations=72 (full 0):
 garbage-first heap   total 186368K, used 90557K [0x00000000a0000000, 0x0000000100000000)
  region size 1024K, 1 young (1024K), 1 survivors (1024K)
 Metaspace       used 113010K, committed 113792K, reserved 557056K
  class space    used 14560K, committed 14912K, reserved 425984K
}
Event: 141.172 GC heap before
{Heap before GC invocations=72 (full 0):
 garbage-first heap   total 186368K, used 157117K [0x00000000a0000000, 0x0000000100000000)
  region size 1024K, 59 young (60416K), 1 survivors (1024K)
 Metaspace       used 118272K, committed 119104K, reserved 557056K
  class space    used 15295K, committed 15680K, reserved 425984K
}
Event: 141.202 GC heap after
{Heap after GC invocations=73 (full 0):
 garbage-first heap   total 186368K, used 101626K [0x00000000a0000000, 0x0000000100000000)
  region size 1024K, 5 young (5120K), 5 survivors (5120K)
 Metaspace       used 118272K, committed 119104K, reserved 557056K
  class space    used 15295K, committed 15680K, reserved 425984K
}
Event: 144.748 GC heap before
{Heap before GC invocations=73 (full 0):
 garbage-first heap   total 186368K, used 155898K [0x00000000a0000000, 0x0000000100000000)
  region size 1024K, 55 young (56320K), 5 survivors (5120K)
 Metaspace       used 121327K, committed 122176K, reserved 557056K
  class space    used 15734K, committed 16128K, reserved 425984K
}
Event: 144.781 GC heap after
{Heap after GC invocations=74 (full 0):
 garbage-first heap   total 186368K, used 106469K [0x00000000a0000000, 0x0000000100000000)
  region size 1024K, 3 young (3072K), 3 survivors (3072K)
 Metaspace       used 121327K, committed 122176K, reserved 557056K
  class space    used 15734K, committed 16128K, reserved 425984K
}
Event: 147.935 GC heap before
{Heap before GC invocations=74 (full 0):
 garbage-first heap   total 186368K, used 153573K [0x00000000a0000000, 0x0000000100000000)
  region size 1024K, 50 young (51200K), 3 survivors (3072K)
 Metaspace       used 122405K, committed 123200K, reserved 557056K
  class space    used 15875K, committed 16256K, reserved 425984K
}
Event: 147.964 GC heap after
{Heap after GC invocations=75 (full 0):
 garbage-first heap   total 186368K, used 114817K [0x00000000a0000000, 0x0000000100000000)
  region size 1024K, 7 young (7168K), 7 survivors (7168K)
 Metaspace       used 122405K, committed 123200K, reserved 557056K
  class space    used 15875K, committed 16256K, reserved 425984K
}
Event: 151.299 GC heap before
{Heap before GC invocations=75 (full 0):
 garbage-first heap   total 186368K, used 153729K [0x00000000a0000000, 0x0000000100000000)
  region size 1024K, 44 young (45056K), 7 survivors (7168K)
 Metaspace       used 122459K, committed 123264K, reserved 557056K
  class space    used 15875K, committed 16256K, reserved 425984K
}
Event: 151.386 GC heap after
{Heap after GC invocations=76 (full 0):
 garbage-first heap   total 186368K, used 120254K [0x00000000a0000000, 0x0000000100000000)
  region size 1024K, 5 young (5120K), 5 survivors (5120K)
 Metaspace       used 122459K, committed 123264K, reserved 557056K
  class space    used 15875K, committed 16256K, reserved 425984K
}
Event: 153.754 GC heap before
{Heap before GC invocations=76 (full 0):
 garbage-first heap   total 186368K, used 153022K [0x00000000a0000000, 0x0000000100000000)
  region size 1024K, 37 young (37888K), 5 survivors (5120K)
 Metaspace       used 122590K, committed 123392K, reserved 557056K
  class space    used 15876K, committed 16256K, reserved 425984K
}

Dll operation events (15 events):
Event: 0.060 Loaded shared library C:\Program Files\Eclipse Adoptium\jdk-17.0.17.10-hotspot\bin\java.dll
Event: 0.181 Loaded shared library C:\Program Files\Eclipse Adoptium\jdk-17.0.17.10-hotspot\bin\jsvml.dll
Event: 0.655 Loaded shared library C:\Program Files\Eclipse Adoptium\jdk-17.0.17.10-hotspot\bin\zip.dll
Event: 0.667 Loaded shared library C:\Program Files\Eclipse Adoptium\jdk-17.0.17.10-hotspot\bin\instrument.dll
Event: 0.681 Loaded shared library C:\Program Files\Eclipse Adoptium\jdk-17.0.17.10-hotspot\bin\net.dll
Event: 0.688 Loaded shared library C:\Program Files\Eclipse Adoptium\jdk-17.0.17.10-hotspot\bin\nio.dll
Event: 0.699 Loaded shared library C:\Program Files\Eclipse Adoptium\jdk-17.0.17.10-hotspot\bin\zip.dll
Event: 2.027 Loaded shared library C:\Program Files\Eclipse Adoptium\jdk-17.0.17.10-hotspot\bin\jimage.dll
Event: 2.744 Loaded shared library C:\Program Files\Eclipse Adoptium\jdk-17.0.17.10-hotspot\bin\verify.dll
Event: 3.034 Loaded shared library C:\Users\lenovo\.gradle\native\1def1411415f61bf3af743bc5b6707747c0891f09f0c88961ee8f79bc544acac\windows-amd64\native-platform.dll
Event: 3.068 Loaded shared library C:\Users\lenovo\.gradle\native\0.2.7\x86_64-windows-gnu\gradle-fileevents.dll
Event: 7.887 Loaded shared library C:\Program Files\Eclipse Adoptium\jdk-17.0.17.10-hotspot\bin\management.dll
Event: 7.897 Loaded shared library C:\Program Files\Eclipse Adoptium\jdk-17.0.17.10-hotspot\bin\management_ext.dll
Event: 11.161 Loaded shared library C:\Program Files\Eclipse Adoptium\jdk-17.0.17.10-hotspot\bin\extnet.dll
Event: 13.033 Loaded shared library C:\Program Files\Eclipse Adoptium\jdk-17.0.17.10-hotspot\bin\sunmscapi.dll

Deoptimization events (20 events):
Event: 152.210 Thread 0x00000277f6c75e80 Uncommon trap: trap_request=0xffffffc6 fr.pc=0x0000027788817ba0 relative=0x0000000000000560
Event: 152.211 Thread 0x00000277f6c75e80 Uncommon trap: reason=bimorphic_or_optimized_type_check action=maybe_recompile pc=0x0000027788817ba0 method=org.jetbrains.kotlin.resolve.QualifiedExpressionResolver.storeResult(Lorg/jetbrains/kotlin/resolve/BindingTrace;Lorg/jetbrains/kotlin/psi/KtSimpleN
Event: 152.211 Thread 0x00000277f6c75e80 DEOPT PACKING pc=0x0000027788817ba0 sp=0x000000c9502f0430
Event: 152.212 Thread 0x00000277f6c75e80 DEOPT UNPACKING pc=0x0000027787d869a3 sp=0x000000c9502f02f8 mode 2
Event: 152.215 Thread 0x00000277f6c75e80 Uncommon trap: trap_request=0xffffffc6 fr.pc=0x0000027788817ba0 relative=0x0000000000000560
Event: 152.215 Thread 0x00000277f6c75e80 Uncommon trap: reason=bimorphic_or_optimized_type_check action=maybe_recompile pc=0x0000027788817ba0 method=org.jetbrains.kotlin.resolve.QualifiedExpressionResolver.storeResult(Lorg/jetbrains/kotlin/resolve/BindingTrace;Lorg/jetbrains/kotlin/psi/KtSimpleN
Event: 152.215 Thread 0x00000277f6c75e80 DEOPT PACKING pc=0x0000027788817ba0 sp=0x000000c9502f0430
Event: 152.215 Thread 0x00000277f6c75e80 DEOPT UNPACKING pc=0x0000027787d869a3 sp=0x000000c9502f02f8 mode 2
Event: 152.215 Thread 0x00000277f6c75e80 Uncommon trap: trap_request=0xffffffc6 fr.pc=0x0000027788817ba0 relative=0x0000000000000560
Event: 152.215 Thread 0x00000277f6c75e80 Uncommon trap: reason=bimorphic_or_optimized_type_check action=maybe_recompile pc=0x0000027788817ba0 method=org.jetbrains.kotlin.resolve.QualifiedExpressionResolver.storeResult(Lorg/jetbrains/kotlin/resolve/BindingTrace;Lorg/jetbrains/kotlin/psi/KtSimpleN
Event: 152.215 Thread 0x00000277f6c75e80 DEOPT PACKING pc=0x0000027788817ba0 sp=0x000000c9502f0430
Event: 152.215 Thread 0x00000277f6c75e80 DEOPT UNPACKING pc=0x0000027787d869a3 sp=0x000000c9502f02f8 mode 2
Event: 152.215 Thread 0x00000277f6c75e80 Uncommon trap: trap_request=0xffffffc6 fr.pc=0x0000027788817ba0 relative=0x0000000000000560
Event: 152.215 Thread 0x00000277f6c75e80 Uncommon trap: reason=bimorphic_or_optimized_type_check action=maybe_recompile pc=0x0000027788817ba0 method=org.jetbrains.kotlin.resolve.QualifiedExpressionResolver.storeResult(Lorg/jetbrains/kotlin/resolve/BindingTrace;Lorg/jetbrains/kotlin/psi/KtSimpleN
Event: 152.215 Thread 0x00000277f6c75e80 DEOPT PACKING pc=0x0000027788817ba0 sp=0x000000c9502f0430
Event: 152.215 Thread 0x00000277f6c75e80 DEOPT UNPACKING pc=0x0000027787d869a3 sp=0x000000c9502f02f8 mode 2
Event: 152.215 Thread 0x00000277f6c75e80 Uncommon trap: trap_request=0xffffffc6 fr.pc=0x0000027788816c5c relative=0x000000000000051c
Event: 152.215 Thread 0x00000277f6c75e80 Uncommon trap: reason=bimorphic_or_optimized_type_check action=maybe_recompile pc=0x0000027788816c5c method=org.jetbrains.kotlin.resolve.QualifiedExpressionResolver.storeResult(Lorg/jetbrains/kotlin/resolve/BindingTrace;Lorg/jetbrains/kotlin/psi/KtSimpleN
Event: 152.215 Thread 0x00000277f6c75e80 DEOPT PACKING pc=0x0000027788816c5c sp=0x000000c9502f0320
Event: 152.215 Thread 0x00000277f6c75e80 DEOPT UNPACKING pc=0x0000027787d869a3 sp=0x000000c9502f02e0 mode 2

Classes loaded (20 events):
Event: 128.982 Loading class jdk/management/jfr/FlightRecorderMXBeanImpl$MXBeanListener
Event: 128.983 Loading class jdk/jfr/FlightRecorderListener
Event: 128.983 Loading class jdk/jfr/FlightRecorderListener done
Event: 128.983 Loading class jdk/management/jfr/FlightRecorderMXBeanImpl$MXBeanListener done
Event: 129.093 Loading class com/sun/jmx/mbeanserver/StandardMBeanSupport
Event: 129.094 Loading class com/sun/jmx/mbeanserver/StandardMBeanSupport done
Event: 129.094 Loading class com/sun/jmx/mbeanserver/StandardMBeanIntrospector
Event: 129.096 Loading class com/sun/jmx/mbeanserver/StandardMBeanIntrospector done
Event: 143.459 Loading class sun/misc/SharedSecrets
Event: 143.460 Loading class sun/misc/SharedSecrets done
Event: 143.490 Loading class com/sun/beans/finder/MethodFinder
Event: 143.492 Loading class com/sun/beans/finder/AbstractFinder
Event: 143.492 Loading class com/sun/beans/finder/AbstractFinder done
Event: 143.492 Loading class com/sun/beans/finder/MethodFinder done
Event: 143.492 Loading class com/sun/beans/finder/MethodFinder$1
Event: 143.492 Loading class com/sun/beans/finder/MethodFinder$1 done
Event: 143.492 Loading class com/sun/beans/finder/FinderUtils
Event: 143.493 Loading class com/sun/beans/finder/FinderUtils done
Event: 145.013 Loading class java/nio/file/FileTreeWalker$1
Event: 145.014 Loading class java/nio/file/FileTreeWalker$1 done

Classes unloaded (0 events):
No events

Classes redefined (0 events):
No events

Internal exceptions (20 events):
Event: 143.460 Thread 0x00000277f6c75e80 Exception <a 'java/lang/ClassNotFoundException'{0x00000000a92318a8}: sun/misc/SharedSecrets> (0x00000000a92318a8) 
thrown [s\src\hotspot\share\classfile\systemDictionary.cpp, line 256]
Event: 143.461 Thread 0x00000277f6c75e80 Exception <a 'java/lang/ClassNotFoundException'{0x00000000a92338f8}: groovy/lang/Closure$1BeanInfo> (0x00000000a92338f8) 
thrown [s\src\hotspot\share\classfile\systemDictionary.cpp, line 256]
Event: 143.464 Thread 0x00000277f6c75e80 Exception <a 'java/lang/ClassNotFoundException'{0x00000000a925ce10}: groovy/lang/ClosureBeanInfo> (0x00000000a925ce10) 
thrown [s\src\hotspot\share\classfile\systemDictionary.cpp, line 256]
Event: 143.469 Thread 0x00000277f6c75e80 Exception <a 'java/lang/ClassNotFoundException'{0x00000000a9286028}: groovy/lang/ClosureCustomizer> (0x00000000a9286028) 
thrown [s\src\hotspot\share\classfile\systemDictionary.cpp, line 256]
Event: 143.490 Thread 0x00000277f6c75e80 Exception <a 'java/lang/ClassNotFoundException'{0x00000000a92d56c8}: groovy/lang/Closure$1Customizer> (0x00000000a92d56c8) 
thrown [s\src\hotspot\share\classfile\systemDictionary.cpp, line 256]
Event: 143.528 Thread 0x00000277f6c75e80 Exception <a 'java/lang/ClassNotFoundException'{0x00000000a915b628}: org/jetbrains/kotlin/gradle/targets/js/npm/DefaultNpmDependencyExtensionBeanInfo> (0x00000000a915b628) 
thrown [s\src\hotspot\share\classfile\systemDictionary.cpp, line 256]
Event: 143.529 Thread 0x00000277f6c75e80 Exception <a 'java/lang/ClassNotFoundException'{0x00000000a916a0e8}: org/jetbrains/kotlin/gradle/targets/js/npm/DefaultNpmDependencyExtensionCustomizer> (0x00000000a916a0e8) 
thrown [s\src\hotspot\share\classfile\systemDictionary.cpp, line 256]
Event: 143.570 Thread 0x00000277f6c75e80 Exception <a 'java/lang/ClassNotFoundException'{0x00000000a90119e8}: org/jetbrains/kotlin/gradle/targets/js/npm/NpmDependencyExtensionKt$defaultNpmDependencyDelegate$1BeanInfo> (0x00000000a90119e8) 
thrown [s\src\hotspot\share\classfile\systemDictionary.cpp, line 256]
Event: 143.571 Thread 0x00000277f6c75e80 Exception <a 'java/lang/ClassNotFoundException'{0x00000000a90204e8}: org/jetbrains/kotlin/gradle/targets/js/npm/NpmDependencyExtensionDelegateBeanInfo> (0x00000000a90204e8) 
thrown [s\src\hotspot\share\classfile\systemDictionary.cpp, line 256]
Event: 143.574 Thread 0x00000277f6c75e80 Exception <a 'java/lang/ClassNotFoundException'{0x00000000a902efb8}: org/jetbrains/kotlin/gradle/targets/js/npm/NpmDependencyExtensionDelegateCustomizer> (0x00000000a902efb8) 
thrown [s\src\hotspot\share\classfile\systemDictionary.cpp, line 256]
Event: 143.587 Thread 0x00000277f6c75e80 Exception <a 'java/lang/ClassNotFoundException'{0x00000000a9069258}: org/jetbrains/kotlin/gradle/targets/js/npm/NpmDependencyExtensionKt$defaultNpmDependencyDelegate$1Customizer> (0x00000000a9069258) 
thrown [s\src\hotspot\share\classfile\systemDictionary.cpp, line 256]
Event: 143.631 Thread 0x00000277f6c75e80 Exception <a 'java/lang/ClassNotFoundException'{0x00000000a90b5690}: org/jetbrains/kotlin/gradle/targets/js/npm/DefaultDevNpmDependencyExtensionBeanInfo> (0x00000000a90b5690) 
thrown [s\src\hotspot\share\classfile\systemDictionary.cpp, line 256]
Event: 143.632 Thread 0x00000277f6c75e80 Exception <a 'java/lang/ClassNotFoundException'{0x00000000a90c4168}: org/jetbrains/kotlin/gradle/targets/js/npm/DefaultDevNpmDependencyExtensionCustomizer> (0x00000000a90c4168) 
thrown [s\src\hotspot\share\classfile\systemDictionary.cpp, line 256]
Event: 143.649 Thread 0x00000277f6c75e80 Exception <a 'java/lang/ClassNotFoundException'{0x00000000a8f1ac58}: org/jetbrains/kotlin/gradle/targets/js/npm/DefaultPeerNpmDependencyExtensionBeanInfo> (0x00000000a8f1ac58) 
thrown [s\src\hotspot\share\classfile\systemDictionary.cpp, line 256]
Event: 143.650 Thread 0x00000277f6c75e80 Exception <a 'java/lang/ClassNotFoundException'{0x00000000a8f29738}: org/jetbrains/kotlin/gradle/targets/js/npm/DefaultPeerNpmDependencyExtensionCustomizer> (0x00000000a8f29738) 
thrown [s\src\hotspot\share\classfile\systemDictionary.cpp, line 256]
Event: 143.730 Thread 0x00000277f6c75e80 Exception <a 'java/lang/ClassNotFoundException'{0x00000000a8f8d778}: org/jetbrains/kotlin/gradle/targets/js/npm/DefaultPeerNpmDependencyExtension$delegate$1BeanInfo> (0x00000000a8f8d778) 
thrown [s\src\hotspot\share\classfile\systemDictionary.cpp, line 256]
Event: 143.732 Thread 0x00000277f6c75e80 Exception <a 'java/lang/ClassNotFoundException'{0x00000000a8f9c348}: org/jetbrains/kotlin/gradle/targets/js/npm/DefaultPeerNpmDependencyExtension$delegate$1Customizer> (0x00000000a8f9c348) 
thrown [s\src\hotspot\share\classfile\systemDictionary.cpp, line 256]
Event: 144.963 Thread 0x00000277f6c75e80 Exception <a 'java/lang/NoSuchMethodError'{0x00000000ab2f0ac8}: 'int java.lang.invoke.DirectMethodHandle$Holder.invokeSpecialIFC(java.lang.Object, java.lang.Object, java.lang.Object, java.lang.Object, java.lang.Object)'> (0x00000000ab2f0ac8) 
thrown [s\src\hotspot\share\interpreter\linkResolver.cpp, line 759]
Event: 146.345 Thread 0x00000277f6c75e80 Exception <a 'sun/nio/fs/WindowsException'{0x00000000aa38aee0}> (0x00000000aa38aee0) 
thrown [s\src\hotspot\share\prims\jni.cpp, line 516]
Event: 146.355 Thread 0x00000277f6c75e80 Exception <a 'sun/nio/fs/WindowsException'{0x00000000aa38cf88}> (0x00000000aa38cf88) 
thrown [s\src\hotspot\share\prims\jni.cpp, line 516]

VM Operations (20 events):
Event: 147.838 Executing VM operation: Cleanup done
Event: 147.935 Executing VM operation: G1CollectForAllocation
Event: 147.964 Executing VM operation: G1CollectForAllocation done
Event: 147.974 Executing VM operation: HandshakeAllThreads
Event: 147.975 Executing VM operation: HandshakeAllThreads done
Event: 148.557 Executing VM operation: HandshakeAllThreads
Event: 148.559 Executing VM operation: HandshakeAllThreads done
Event: 148.845 Executing VM operation: HandshakeAllThreads
Event: 148.852 Executing VM operation: HandshakeAllThreads done
Event: 149.863 Executing VM operation: Cleanup
Event: 149.879 Executing VM operation: Cleanup done
Event: 150.889 Executing VM operation: Cleanup
Event: 150.905 Executing VM operation: Cleanup done
Event: 151.296 Executing VM operation: G1CollectForAllocation
Event: 151.386 Executing VM operation: G1CollectForAllocation done
Event: 152.399 Executing VM operation: Cleanup
Event: 152.399 Executing VM operation: Cleanup done
Event: 153.413 Executing VM operation: Cleanup
Event: 153.413 Executing VM operation: Cleanup done
Event: 153.754 Executing VM operation: G1CollectForAllocation

Memory protections (0 events):
No events

Nmethod flushes (20 events):
Event: 148.887 Thread 0x00000277f6ada9f0 flushing  nmethod 0x000002778162bc90
Event: 148.887 Thread 0x00000277f6ada9f0 flushing  nmethod 0x0000027781631710
Event: 148.888 Thread 0x00000277f6ada9f0 flushing  nmethod 0x0000027781644e90
Event: 148.888 Thread 0x00000277f6ada9f0 flushing  nmethod 0x0000027781657590
Event: 148.888 Thread 0x00000277f6ada9f0 flushing  nmethod 0x0000027781658690
Event: 148.888 Thread 0x00000277f6ada9f0 flushing  nmethod 0x0000027781660590
Event: 148.888 Thread 0x00000277f6ada9f0 flushing  nmethod 0x0000027781664c90
Event: 148.888 Thread 0x00000277f6ada9f0 flushing  nmethod 0x0000027781667b10
Event: 148.888 Thread 0x00000277f6ada9f0 flushing  nmethod 0x000002778168c510
Event: 148.888 Thread 0x00000277f6ada9f0 flushing  nmethod 0x0000027781695010
Event: 148.888 Thread 0x00000277f6ada9f0 flushing  nmethod 0x00000277816ab310
Event: 148.888 Thread 0x00000277f6ada9f0 flushing  nmethod 0x00000277816c0b90
Event: 148.888 Thread 0x00000277f6ada9f0 flushing  nmethod 0x0000027781710110
Event: 148.888 Thread 0x00000277f6ada9f0 flushing  nmethod 0x000002778171b210
Event: 148.890 Thread 0x00000277f6ada9f0 flushing  nmethod 0x000002778182be90
Event: 148.890 Thread 0x00000277f6ada9f0 flushing  nmethod 0x000002778187ab90
Event: 148.890 Thread 0x00000277f6ada9f0 flushing  nmethod 0x0000027781896590
Event: 148.890 Thread 0x00000277f6ada9f0 flushing  nmethod 0x000002778189f990
Event: 148.890 Thread 0x00000277f6ada9f0 flushing  nmethod 0x00000277818a3e90
Event: 148.891 Thread 0x00000277f6ada9f0 flushing  nmethod 0x0000027781958a90

Events (20 events):
Event: 14.565 Thread 0x00000277f6c75e80 Thread added: 0x00000277f6c768a0
Event: 14.573 Thread 0x00000277f6c75e80 Thread added: 0x00000277f6c75460
Event: 14.578 Thread 0x00000277f6c75e80 Thread added: 0x00000277f6c78700
Event: 16.976 Thread 0x00000277f6c75e80 Thread added: 0x00000277f6c777d0
Event: 17.005 Thread 0x00000277f6c75e80 Thread added: 0x00000277f6c77ce0
Event: 17.121 Thread 0x00000277f6c75e80 Thread added: 0x00000277f6c75970
Event: 22.079 Thread 0x00000277f6c75e80 Thread added: 0x00000277f6c772c0
Event: 22.131 Thread 0x00000277f6c75e80 Thread added: 0x00000277f6c781f0
Event: 23.395 Thread 0x00000277f6c75e80 Thread added: 0x00000277f6c76390
Event: 23.458 Thread 0x00000277f6c75e80 Thread added: 0x00000277fd6db770
Event: 70.788 Thread 0x00000277f6c75e80 Thread added: 0x00000277fd6da330
Event: 71.193 Thread 0x00000277f6c75e80 Thread added: 0x00000277fd6dd5d0
Event: 72.844 Thread 0x00000277f6c75e80 Thread added: 0x00000277fd6de500
Event: 73.316 Thread 0x00000277f6c75e80 Thread added: 0x00000277fd6dea10
Event: 77.896 Thread 0x00000277f6c75e80 Thread added: 0x00000277fd6d7ab0
Event: 113.742 Thread 0x00000277f6c75e80 Thread added: 0x00000277ff4ac1c0
Event: 115.016 Thread 0x00000277f6c75e80 Thread added: 0x00000277ff4aad80
Event: 115.945 Thread 0x00000277f6c75e80 Thread added: 0x00000277ff4ab290
Event: 121.908 Thread 0x00000277f6c75e80 Thread added: 0x00000277ff4acbe0
Event: 129.330 Thread 0x00000277f6c75e80 Thread added: 0x00000277ff4abcb0


Dynamic libraries:
0x00007ff75d280000 - 0x00007ff75d28e000 	C:\Program Files\Eclipse Adoptium\jdk-17.0.17.10-hotspot\bin\java.exe
0x00007ff8dbe30000 - 0x00007ff8dc028000 	C:\WINDOWS\SYSTEM32\ntdll.dll
0x00007ff8da7e0000 - 0x00007ff8da8a2000 	C:\WINDOWS\System32\KERNEL32.DLL
0x00007ff8d97d0000 - 0x00007ff8d9ac6000 	C:\WINDOWS\System32\KERNELBASE.dll
0x00007ff8d9680000 - 0x00007ff8d9780000 	C:\WINDOWS\System32\ucrtbase.dll
0x00007ff8a7ba0000 - 0x00007ff8a7bb8000 	C:\Program Files\Eclipse Adoptium\jdk-17.0.17.10-hotspot\bin\jli.dll
0x00007ff8a7900000 - 0x00007ff8a791e000 	C:\Program Files\Eclipse Adoptium\jdk-17.0.17.10-hotspot\bin\VCRUNTIME140.dll
0x00007ff8dbb40000 - 0x00007ff8dbce1000 	C:\WINDOWS\System32\USER32.dll
0x00007ff8d9530000 - 0x00007ff8d9552000 	C:\WINDOWS\System32\win32u.dll
0x00007ff8db570000 - 0x00007ff8db59b000 	C:\WINDOWS\System32\GDI32.dll
0x00007ff8d9560000 - 0x00007ff8d9679000 	C:\WINDOWS\System32\gdi32full.dll
0x00007ff8d9490000 - 0x00007ff8d952d000 	C:\WINDOWS\System32\msvcp_win.dll
0x00007ff8c20a0000 - 0x00007ff8c233b000 	C:\WINDOWS\WinSxS\amd64_microsoft.windows.common-controls_6595b64144ccf1df_6.0.19041.6456_none_60b8a6cb71f64256\COMCTL32.dll
0x00007ff8da6b0000 - 0x00007ff8da74e000 	C:\WINDOWS\System32\msvcrt.dll
0x00007ff8da660000 - 0x00007ff8da68f000 	C:\WINDOWS\System32\IMM32.DLL
0x00000000628d0000 - 0x00000000628dc000 	C:\Program Files (x86)\360\Total Security\safemon\SafeWrapper.dll
0x00007ff8da390000 - 0x00007ff8da441000 	C:\WINDOWS\System32\ADVAPI32.dll
0x00007ff8da2f0000 - 0x00007ff8da38f000 	C:\WINDOWS\System32\sechost.dll
0x00007ff8d9e20000 - 0x00007ff8d9f40000 	C:\WINDOWS\System32\RPCRT4.dll
0x00007ff8d9d70000 - 0x00007ff8d9d97000 	C:\WINDOWS\System32\bcrypt.dll
0x00007ff8a4fa0000 - 0x00007ff8a504c000 	C:\Program Files (x86)\360\Total Security\safemon\libzdtp64.dll
0x00007ff8dae00000 - 0x00007ff8db570000 	C:\WINDOWS\System32\SHELL32.dll
0x00007ff8d9f50000 - 0x00007ff8d9fab000 	C:\WINDOWS\System32\SHLWAPI.dll
0x00007ff8d8ff0000 - 0x00007ff8d8ffa000 	C:\WINDOWS\SYSTEM32\VERSION.dll
0x00007ff8bc420000 - 0x00007ff8bc42c000 	C:\Program Files\Eclipse Adoptium\jdk-17.0.17.10-hotspot\bin\vcruntime140_1.dll
0x00007ff897060000 - 0x00007ff8970ed000 	C:\Program Files\Eclipse Adoptium\jdk-17.0.17.10-hotspot\bin\msvcp140.dll
0x00007ff85ee10000 - 0x00007ff85fa7b000 	C:\Program Files\Eclipse Adoptium\jdk-17.0.17.10-hotspot\bin\server\jvm.dll
0x00007ff8dbd50000 - 0x00007ff8dbdbb000 	C:\WINDOWS\System32\WS2_32.dll
0x00007ff8d8920000 - 0x00007ff8d896b000 	C:\WINDOWS\SYSTEM32\POWRPROF.dll
0x00007ff8c2340000 - 0x00007ff8c2367000 	C:\WINDOWS\SYSTEM32\WINMM.dll
0x00007ff8d87f0000 - 0x00007ff8d8802000 	C:\WINDOWS\SYSTEM32\UMPDC.dll
0x00007ff8d7bf0000 - 0x00007ff8d7c02000 	C:\WINDOWS\SYSTEM32\kernel.appcore.dll
0x00007ff8bb340000 - 0x00007ff8bb34a000 	C:\Program Files\Eclipse Adoptium\jdk-17.0.17.10-hotspot\bin\jimage.dll
0x00007ff8d79c0000 - 0x00007ff8d7bc1000 	C:\WINDOWS\SYSTEM32\DBGHELP.DLL
0x00007ff8c1430000 - 0x00007ff8c1464000 	C:\WINDOWS\SYSTEM32\dbgcore.DLL
0x00007ff8d9c30000 - 0x00007ff8d9cb2000 	C:\WINDOWS\System32\bcryptPrimitives.dll
0x00007ff8d3ee0000 - 0x00007ff8d3eee000 	C:\Program Files\Eclipse Adoptium\jdk-17.0.17.10-hotspot\bin\instrument.dll
0x00007ff8a5730000 - 0x00007ff8a5755000 	C:\Program Files\Eclipse Adoptium\jdk-17.0.17.10-hotspot\bin\java.dll
0x00007ff881ad0000 - 0x00007ff881ba7000 	C:\Program Files\Eclipse Adoptium\jdk-17.0.17.10-hotspot\bin\jsvml.dll
0x00007ff8d70d0000 - 0x00007ff8d7875000 	C:\WINDOWS\SYSTEM32\windows.storage.dll
0x00007ff8daaa0000 - 0x00007ff8dadf4000 	C:\WINDOWS\System32\combase.dll
0x00007ff8d8e50000 - 0x00007ff8d8e7b000 	C:\WINDOWS\SYSTEM32\Wldp.dll
0x00007ff8da9d0000 - 0x00007ff8daa9d000 	C:\WINDOWS\System32\OLEAUT32.dll
0x00007ff8da100000 - 0x00007ff8da1ad000 	C:\WINDOWS\System32\SHCORE.dll
0x00007ff8d93c0000 - 0x00007ff8d93e4000 	C:\WINDOWS\SYSTEM32\profapi.dll
0x00007ff8a4f00000 - 0x00007ff8a4f18000 	C:\Program Files\Eclipse Adoptium\jdk-17.0.17.10-hotspot\bin\zip.dll
0x00007ff8a5690000 - 0x00007ff8a56aa000 	C:\Program Files\Eclipse Adoptium\jdk-17.0.17.10-hotspot\bin\net.dll
0x00007ff8cfdc0000 - 0x00007ff8cfeca000 	C:\WINDOWS\SYSTEM32\WINHTTP.dll
0x00007ff8d8b90000 - 0x00007ff8d8bfa000 	C:\WINDOWS\system32\mswsock.dll
0x00007ff8a5310000 - 0x00007ff8a5326000 	C:\Program Files\Eclipse Adoptium\jdk-17.0.17.10-hotspot\bin\nio.dll
0x00007ff8babd0000 - 0x00007ff8babe0000 	C:\Program Files\Eclipse Adoptium\jdk-17.0.17.10-hotspot\bin\verify.dll
0x00007ff8a1720000 - 0x00007ff8a1747000 	C:\Users\lenovo\.gradle\native\1def1411415f61bf3af743bc5b6707747c0891f09f0c88961ee8f79bc544acac\windows-amd64\native-platform.dll
0x00007ff899770000 - 0x00007ff8997e8000 	C:\Users\lenovo\.gradle\native\0.2.7\x86_64-windows-gnu\gradle-fileevents.dll
0x00007ff8b8a30000 - 0x00007ff8b8a3a000 	C:\Program Files\Eclipse Adoptium\jdk-17.0.17.10-hotspot\bin\management.dll
0x00007ff8b89a0000 - 0x00007ff8b89ac000 	C:\Program Files\Eclipse Adoptium\jdk-17.0.17.10-hotspot\bin\management_ext.dll
0x00007ff8d9f40000 - 0x00007ff8d9f48000 	C:\WINDOWS\System32\PSAPI.DLL
0x00007ff8d8810000 - 0x00007ff8d884b000 	C:\WINDOWS\SYSTEM32\IPHLPAPI.DLL
0x00007ff8d9fb0000 - 0x00007ff8d9fb8000 	C:\WINDOWS\System32\NSI.dll
0x00007ff8cffa0000 - 0x00007ff8cffb7000 	C:\WINDOWS\SYSTEM32\dhcpcsvc6.DLL
0x00007ff8cfda0000 - 0x00007ff8cfdbd000 	C:\WINDOWS\SYSTEM32\dhcpcsvc.DLL
0x00007ff8d8850000 - 0x00007ff8d891a000 	C:\WINDOWS\SYSTEM32\DNSAPI.dll
0x00007ff8b8f10000 - 0x00007ff8b8f19000 	C:\Program Files\Eclipse Adoptium\jdk-17.0.17.10-hotspot\bin\extnet.dll
0x00007ff8d8db0000 - 0x00007ff8d8dc8000 	C:\WINDOWS\SYSTEM32\CRYPTSP.dll
0x00007ff8d8420000 - 0x00007ff8d8458000 	C:\WINDOWS\system32\rsaenh.dll
0x00007ff8d9380000 - 0x00007ff8d93ae000 	C:\WINDOWS\SYSTEM32\USERENV.dll
0x00007ff8d8da0000 - 0x00007ff8d8dac000 	C:\WINDOWS\SYSTEM32\CRYPTBASE.dll
0x00007ff8d2b70000 - 0x00007ff8d2b7e000 	C:\Program Files\Eclipse Adoptium\jdk-17.0.17.10-hotspot\bin\sunmscapi.dll
0x00007ff8d9ad0000 - 0x00007ff8d9c2d000 	C:\WINDOWS\System32\CRYPT32.dll
0x00007ff8d8ec0000 - 0x00007ff8d8ee7000 	C:\WINDOWS\SYSTEM32\ncrypt.dll
0x00007ff8d8e80000 - 0x00007ff8d8ebb000 	C:\WINDOWS\SYSTEM32\NTASN1.dll
0x00007ff8d4dd0000 - 0x00007ff8d4dd7000 	C:\WINDOWS\system32\wshunix.dll

dbghelp: loaded successfully - version: 4.0.5 - missing functions: none
symbol engine: initialized successfully - sym options: 0x614 - pdb path: .;C:\Program Files\Eclipse Adoptium\jdk-17.0.17.10-hotspot\bin;C:\WINDOWS\SYSTEM32;C:\WINDOWS\WinSxS\amd64_microsoft.windows.common-controls_6595b64144ccf1df_6.0.19041.6456_none_60b8a6cb71f64256;C:\Program Files (x86)\360\Total Security\safemon;C:\Program Files\Eclipse Adoptium\jdk-17.0.17.10-hotspot\bin\server;C:\Users\lenovo\.gradle\native\1def1411415f61bf3af743bc5b6707747c0891f09f0c88961ee8f79bc544acac\windows-amd64;C:\Users\lenovo\.gradle\native\0.2.7\x86_64-windows-gnu

VM Arguments:
jvm_args: --add-opens=java.base/java.lang=ALL-UNNAMED --add-opens=java.base/java.lang.invoke=ALL-UNNAMED --add-opens=java.base/java.util=ALL-UNNAMED --add-opens=java.prefs/java.util.prefs=ALL-UNNAMED --add-exports=jdk.compiler/com.sun.tools.javac.api=ALL-UNNAMED --add-exports=jdk.compiler/com.sun.tools.javac.util=ALL-UNNAMED --add-opens=java.base/java.util=ALL-UNNAMED --add-opens=java.prefs/java.util.prefs=ALL-UNNAMED --add-opens=java.base/java.nio.charset=ALL-UNNAMED --add-opens=java.base/java.net=ALL-UNNAMED --add-opens=java.base/java.util.concurrent.atomic=ALL-UNNAMED --add-opens=java.xml/javax.xml.namespace=ALL-UNNAMED -XX:MaxMetaspaceSize=512m -XX:ReservedCodeCacheSize=256m -Xmx1536m -Dfile.encoding=UTF-8 -Duser.country=RU -Duser.language=ru -Duser.variant -javaagent:C:\Users\lenovo\.gradle\wrapper\dists\gradle-8.14-all\c2qonpi39x1mddn7hk5gh9iqj\gradle-8.14\lib\agents\gradle-instrumentation-agent-8.14.jar 
java_command: org.gradle.launcher.daemon.bootstrap.GradleDaemon 8.14
java_class_path (initial): C:\Users\lenovo\.gradle\wrapper\dists\gradle-8.14-all\c2qonpi39x1mddn7hk5gh9iqj\gradle-8.14\lib\gradle-daemon-main-8.14.jar
Launcher Type: SUN_STANDARD

[Global flags]
     intx CICompilerCount                          = 3                                         {product} {ergonomic}
   size_t CompressedClassSpaceSize                 = 436207616                                 {product} {ergonomic}
     uint ConcGCThreads                            = 1                                         {product} {ergonomic}
     uint G1ConcRefinementThreads                  = 4                                         {product} {ergonomic}
   size_t G1HeapRegionSize                         = 1048576                                   {product} {ergonomic}
    uintx GCDrainStackTargetSize                   = 64                                        {product} {ergonomic}
   size_t InitialHeapSize                          = 67108864                                  {product} {ergonomic}
   size_t MarkStackSize                            = 4194304                                   {product} {ergonomic}
   size_t MaxHeapSize                              = 1610612736                                {product} {command line}
   size_t MaxMetaspaceSize                         = 536870912                                 {product} {command line}
   size_t MaxNewSize                               = 965738496                                 {product} {ergonomic}
   size_t MinHeapDeltaBytes                        = 1048576                                   {product} {ergonomic}
   size_t MinHeapSize                              = 8388608                                   {product} {ergonomic}
    uintx NonNMethodCodeHeapSize                   = 5832780                                {pd product} {ergonomic}
    uintx NonProfiledCodeHeapSize                  = 131301338                              {pd product} {ergonomic}
    uintx ProfiledCodeHeapSize                     = 131301338                              {pd product} {ergonomic}
    uintx ReservedCodeCacheSize                    = 268435456                              {pd product} {command line}
     bool SegmentedCodeCache                       = true                                      {product} {ergonomic}
   size_t SoftMaxHeapSize                          = 1610612736                             {manageable} {ergonomic}
   double SweeperThreshold                         = 0.468750                                  {product} {ergonomic}
     bool UseCompressedClassPointers               = true                           {product lp64_product} {ergonomic}
     bool UseCompressedOops                        = true                           {product lp64_product} {ergonomic}
     bool UseG1GC                                  = true                                      {product} {ergonomic}
     bool UseLargePagesIndividualAllocation        = false                                  {pd product} {ergonomic}

Logging:
Log output configuration:
 #0: stdout all=warning uptime,level,tags
 #1: stderr all=off uptime,level,tags

Environment Variables:
JAVA_HOME=C:\Program Files\Eclipse Adoptium\jdk-17.0.17.10-hotspot
CLASSPATH=C:\secure_corp_chat\flutter_app\android\\gradle\wrapper\gradle-wrapper.jar
PATH=C:\Program Files\Eclipse Adoptium\jdk-17.0.17.10-hotspot\bin;C:\Program Files\Eclipse Adoptium\jdk-17.0.17.10-hotspot\bin;C:\Program Files (x86)\Intel\iCLS Client\;C:\Program Files\Intel\iCLS Client\;C:\WINDOWS\system32;C:\WINDOWS;C:\WINDOWS\System32\Wbem;C:\WINDOWS\System32\WindowsPowerShell\v1.0\;C:\Program Files (x86)\Intel\Intel(R) Management Engine Components\DAL;C:\Program Files\Intel\Intel(R) Management Engine Components\DAL;C:\Program Files (x86)\Intel\Intel(R) Management Engine Components\IPT;C:\Program Files\Intel\Intel(R) Management Engine Components\IPT;C:\WINDOWS\System32\OpenSSH\;C:\Program Files\Docker\Docker\resources\bin;C:\ProgramData\chocolatey\bin;C:\Program Files\nodejs\;C:\Program Files\PuTTY\;C:\Program Files\Git\cmd;C:\Program Files (x86)\Windows Kits\10\Windows Performance Toolkit\;C:\Users\lenovo\Desktop\Python\Scripts\;C:\Users\lenovo\Desktop\Python\;C:\Users\lenovo\AppData\Local\Microsoft\WindowsApps;C:\Program Files\JetBrains\IntelliJ IDEA Community Edition 2023.3.4\bin;;C:\intelFPGA\19.1\modelsim_ase\win32aloem;C:\Users\lenovo\AppData\Roaming\npm;C:\Users\lenovo\AppData\Local\Programs\Microsoft VS Code\bin;C:\flutter\bin;C:\Program Files\JetBrains\PyCharm 2025.3.2\bin
USERNAME=lenovo
OS=Windows_NT
PROCESSOR_IDENTIFIER=Intel64 Family 6 Model 142 Stepping 9, GenuineIntel
TMP=C:\Users\lenovo\AppData\Local\Temp
TEMP=C:\Users\lenovo\AppData\Local\Temp



Periodic native trim disabled


---------------  S Y S T E M  ---------------

OS:
 Windows 10 , 64 bit Build 19041 (10.0.19041.5915)
OS uptime: 0 days 5:38 hours
Hyper-V role detected

CPU: total 4 (initial active 4) (2 cores per cpu, 2 threads per core) family 6 model 142 stepping 9 microcode 0xea, cx8, cmov, fxsr, ht, mmx, 3dnowpref, sse, sse2, sse3, ssse3, sse4.1, sse4.2, popcnt, lzcnt, tsc, tscinvbit, avx, avx2, aes, erms, clmul, bmi1, bmi2, adx, fma, vzeroupper, clflush, clflushopt, hv
Processor Information for all 4 processors :
  Max Mhz: 2712, Current Mhz: 2511, Mhz Limit: 2495

Memory: 4k page, system-wide physical 4005M (152M free)
TotalPageFile size 16293M (AvailPageFile size 27M)
current process WorkingSet (physical memory assigned to process): 255M, peak: 305M
current process commit charge ("private bytes"): 522M, peak: 699M

vm_info: OpenJDK 64-Bit Server VM (17.0.17+10) for windows-amd64 JRE (17.0.17+10), built on Oct 21 2025 23:25:32 by "admin" with unknown MS VC++:1942

END.
